2023-09-29 15:37:17.827 [info] Log level: Info
2023-09-29 15:37:17.827 [info] Validating found git in: "git"
2023-09-29 15:37:17.827 [info] Using git "2.34.1" from "git"
2023-09-29 15:37:17.827 [info] > git rev-parse --show-toplevel [73ms]
2023-09-29 15:37:17.827 [info] > git rev-parse --git-dir --git-common-dir [11ms]
2023-09-29 15:37:17.827 [info] Open repository: /home/ubuntu
2023-09-29 15:37:17.827 [info] > git rev-parse --show-toplevel [12ms]
2023-09-29 15:37:17.827 [info] > git config --get commit.template [20ms]
2023-09-29 15:37:17.827 [info] > git rev-parse --show-toplevel [2ms]
2023-09-29 15:37:17.832 [info] > git for-each-ref --format=%(refname)%00%(upstream:short)%00%(objectname)%00%(upstream:track)%00%(upstream:remotename)%00%(upstream:remoteref) refs/heads/main refs/remotes/main [30ms]
2023-09-29 15:37:17.845 [info] > git rev-parse --show-toplevel [20ms]
2023-09-29 15:37:17.858 [info] > git rev-parse --show-toplevel [6ms]
2023-09-29 15:37:17.886 [info] > git rev-parse --show-toplevel [18ms]
2023-09-29 15:37:18.023 [info] > git rev-parse --git-dir --git-common-dir [82ms]
2023-09-29 15:37:18.134 [info] Open repository: /home/ubuntu/Django-k8s
2023-09-29 15:37:18.198 [info] > git config --get commit.template [20ms]
2023-09-29 15:37:18.239 [info] > git rev-parse --show-toplevel [44ms]
2023-09-29 15:37:18.278 [info] > git for-each-ref --format=%(refname)%00%(upstream:short)%00%(objectname)%00%(upstream:track)%00%(upstream:remotename)%00%(upstream:remoteref) refs/heads/master refs/remotes/master [41ms]
2023-09-29 15:37:18.343 [info] > git status -z -uall [41ms]
2023-09-29 15:37:18.429 [info] > git config --get commit.template [16ms]
2023-09-29 15:37:18.436 [info] > git for-each-ref --format=%(refname)%00%(upstream:short)%00%(objectname)%00%(upstream:track)%00%(upstream:remotename)%00%(upstream:remoteref) refs/heads/master refs/remotes/master [8ms]
2023-09-29 15:37:18.455 [info] > git status -z -uall [8ms]
2023-09-29 15:37:18.748 [info] > git check-ignore -v -z --stdin [8ms]
2023-09-29 15:37:18.800 [info] > git check-ignore -v -z --stdin [72ms]
2023-09-29 15:37:20.071 [info] > git status -z -uall [2229ms]
2023-09-29 15:37:22.686 [info] > git config --get commit.template [68ms]
2023-09-29 15:37:22.885 [info] > git for-each-ref --format=%(refname)%00%(upstream:short)%00%(objectname)%00%(upstream:track)%00%(upstream:remotename)%00%(upstream:remoteref) refs/heads/main refs/remotes/main [186ms]
2023-09-29 15:37:23.432 [info] > git status -z -uall [534ms]
2023-09-29 15:37:35.063 [info] > git check-ignore -v -z --stdin [13ms]
2023-09-29 15:37:37.283 [info] > git check-ignore -v -z --stdin [16ms]
2023-09-29 15:38:35.216 [info] > git ls-files --stage -- /home/ubuntu/Dev/Django-k8s/web/entrypoint.sh [17ms]
2023-09-29 15:38:35.224 [info] > git show --textconv :Dev/Django-k8s/web/entrypoint.sh [31ms]
2023-09-29 15:38:35.228 [info] > git cat-file -s aa15cd20446354615537ae34a95c92109427e7d1 [6ms]
2023-09-29 15:38:39.511 [info] > git check-ignore -v -z --stdin [13ms]
2023-09-29 15:38:41.521 [info] > git show --textconv :Dev/Django-k8s/web/django_k8s/wsgi.py [30ms]
2023-09-29 15:38:41.522 [info] > git ls-files --stage -- /home/ubuntu/Dev/Django-k8s/web/django_k8s/wsgi.py [23ms]
2023-09-29 15:38:41.577 [info] > git cat-file -s b563a12f0cd55620957c3d11c38876bdb1aa2053 [50ms]
2023-09-29 15:39:18.674 [info] > git ls-files --stage -- /home/ubuntu/Dev/Django-k8s/web/Dockerfile [45ms]
2023-09-29 15:39:18.702 [info] > git show --textconv :Dev/Django-k8s/web/Dockerfile [97ms]
2023-09-29 15:39:18.710 [info] > git cat-file -s 1a1cec4db333e259c0fa91c7377953d3ae84dacf [8ms]
2023-09-29 15:48:48.539 [info] > git check-ignore -v -z --stdin [20ms]
2023-09-29 15:48:48.858 [info] > git show --textconv :Dev/Django-k8s/Docker-C [22ms]
2023-09-29 15:48:48.864 [info] > git ls-files --stage -- /home/ubuntu/Dev/Django-k8s/Docker-C [15ms]
2023-09-29 15:49:17.585 [info] > git check-ignore -v -z --stdin [12ms]
2023-09-29 15:49:17.886 [info] > git show --textconv :Dev/Django-k8s/docker-compose.yaml [21ms]
2023-09-29 15:49:17.895 [info] > git ls-files --stage -- /home/ubuntu/Dev/Django-k8s/docker-compose.yaml [15ms]
2023-09-29 16:03:47.908 [info] > git check-ignore -v -z --stdin [86ms]
2023-09-29 16:04:09.669 [info] > git check-ignore -v -z --stdin [24ms]
