2023-09-27 13:34:07.465 [info] Log level: Info
2023-09-27 13:34:07.465 [info] Validating found git in: "git"
2023-09-27 13:34:07.465 [info] Using git "2.34.1" from "git"
2023-09-27 13:34:07.465 [info] > git rev-parse --show-toplevel [25ms]
2023-09-27 13:34:07.465 [info] > git rev-parse --git-dir --git-common-dir [4ms]
2023-09-27 13:34:07.465 [info] Open repository: /home/ubuntu
2023-09-27 13:34:07.465 [info] > git config --get commit.template [13ms]
2023-09-27 13:34:07.465 [info] > git rev-parse --show-toplevel [14ms]
2023-09-27 13:34:07.465 [info] > git rev-parse --show-toplevel [3ms]
2023-09-27 13:34:07.465 [info] > git rev-parse --show-toplevel [4ms]
2023-09-27 13:34:07.465 [info] > git for-each-ref --format=%(refname)%00%(upstream:short)%00%(objectname)%00%(upstream:track)%00%(upstream:remotename)%00%(upstream:remoteref) refs/heads/main refs/remotes/main [28ms]
2023-09-27 13:34:07.465 [info] > git rev-parse --show-toplevel [12ms]
2023-09-27 13:34:07.465 [info] > git rev-parse --show-toplevel [7ms]
2023-09-27 13:34:07.465 [info] > git rev-parse --git-dir --git-common-dir [6ms]
2023-09-27 13:34:07.465 [info] Open repository: /home/ubuntu/Django-k8s
2023-09-27 13:34:07.465 [info] > git config --get commit.template [32ms]
2023-09-27 13:34:07.465 [info] > git rev-parse --show-toplevel [44ms]
2023-09-27 13:34:07.465 [info] > git for-each-ref --format=%(refname)%00%(upstream:short)%00%(objectname)%00%(upstream:track)%00%(upstream:remotename)%00%(upstream:remoteref) refs/heads/master refs/remotes/master [34ms]
2023-09-27 13:34:07.471 [info] > git status -z -uall [13ms]
2023-09-27 13:34:07.530 [info] > git config --get commit.template [12ms]
2023-09-27 13:34:07.559 [info] > git for-each-ref --format=%(refname)%00%(upstream:short)%00%(objectname)%00%(upstream:track)%00%(upstream:remotename)%00%(upstream:remoteref) refs/heads/master refs/remotes/master [26ms]
2023-09-27 13:34:07.607 [info] > git status -z -uall [23ms]
2023-09-27 13:34:08.089 [info] > git status -z -uall [910ms]
2023-09-27 13:34:11.420 [info] > git check-ignore -v -z --stdin [2860ms]
2023-09-27 13:34:11.443 [info] > git check-ignore -v -z --stdin [2875ms]
2023-09-27 13:34:11.462 [info] > git config --get commit.template [43ms]
2023-09-27 13:34:11.546 [info] > git for-each-ref --format=%(refname)%00%(upstream:short)%00%(objectname)%00%(upstream:track)%00%(upstream:remotename)%00%(upstream:remoteref) refs/heads/main refs/remotes/main [77ms]
2023-09-27 13:34:12.002 [info] > git status -z -uall [446ms]
2023-09-27 13:34:15.212 [info] > git config --get commit.template [9ms]
2023-09-27 13:34:15.214 [info] > git for-each-ref --format=%(refname)%00%(upstream:short)%00%(objectname)%00%(upstream:track)%00%(upstream:remotename)%00%(upstream:remoteref) refs/heads/main refs/remotes/main [4ms]
2023-09-27 13:34:15.386 [info] > git status -z -uall [166ms]
2023-09-27 13:34:20.574 [info] > git config --get commit.template [9ms]
2023-09-27 13:34:20.576 [info] > git for-each-ref --format=%(refname)%00%(upstream:short)%00%(objectname)%00%(upstream:track)%00%(upstream:remotename)%00%(upstream:remoteref) refs/heads/main refs/remotes/main [3ms]
2023-09-27 13:34:20.743 [info] > git status -z -uall [161ms]
2023-09-27 13:34:25.899 [info] > git config --get commit.template [8ms]
2023-09-27 13:34:25.901 [info] > git for-each-ref --format=%(refname)%00%(upstream:short)%00%(objectname)%00%(upstream:track)%00%(upstream:remotename)%00%(upstream:remoteref) refs/heads/main refs/remotes/main [4ms]
2023-09-27 13:34:26.062 [info] > git status -z -uall [156ms]
2023-09-27 13:34:31.237 [info] > git config --get commit.template [9ms]
2023-09-27 13:34:31.240 [info] > git for-each-ref --format=%(refname)%00%(upstream:short)%00%(objectname)%00%(upstream:track)%00%(upstream:remotename)%00%(upstream:remoteref) refs/heads/main refs/remotes/main [3ms]
2023-09-27 13:34:31.406 [info] > git status -z -uall [159ms]
2023-09-27 13:34:36.556 [info] > git config --get commit.template [8ms]
2023-09-27 13:34:36.559 [info] > git for-each-ref --format=%(refname)%00%(upstream:short)%00%(objectname)%00%(upstream:track)%00%(upstream:remotename)%00%(upstream:remoteref) refs/heads/main refs/remotes/main [4ms]
2023-09-27 13:34:36.719 [info] > git status -z -uall [155ms]
2023-09-27 13:34:41.868 [info] > git config --get commit.template [9ms]
2023-09-27 13:34:41.870 [info] > git for-each-ref --format=%(refname)%00%(upstream:short)%00%(objectname)%00%(upstream:track)%00%(upstream:remotename)%00%(upstream:remoteref) refs/heads/main refs/remotes/main [3ms]
2023-09-27 13:34:42.034 [info] > git status -z -uall [158ms]
2023-09-27 13:34:47.186 [info] > git config --get commit.template [8ms]
2023-09-27 13:34:47.188 [info] > git for-each-ref --format=%(refname)%00%(upstream:short)%00%(objectname)%00%(upstream:track)%00%(upstream:remotename)%00%(upstream:remoteref) refs/heads/main refs/remotes/main [3ms]
2023-09-27 13:34:47.351 [info] > git status -z -uall [157ms]
2023-09-27 13:35:04.481 [info] > git config --get commit.template [8ms]
2023-09-27 13:35:04.483 [info] > git for-each-ref --format=%(refname)%00%(upstream:short)%00%(objectname)%00%(upstream:track)%00%(upstream:remotename)%00%(upstream:remoteref) refs/heads/main refs/remotes/main [4ms]
2023-09-27 13:35:04.663 [info] > git status -z -uall [174ms]
2023-09-27 13:35:09.869 [info] > git config --get commit.template [9ms]
2023-09-27 13:35:09.872 [info] > git for-each-ref --format=%(refname)%00%(upstream:short)%00%(objectname)%00%(upstream:track)%00%(upstream:remotename)%00%(upstream:remoteref) refs/heads/main refs/remotes/main [4ms]
2023-09-27 13:35:10.031 [info] > git check-ignore -v -z --stdin [18ms]
2023-09-27 13:35:10.057 [info] > git status -z -uall [179ms]
2023-09-27 13:35:14.499 [info] > git check-ignore -v -z --stdin [8ms]
2023-09-27 13:35:15.208 [info] > git config --get commit.template [8ms]
2023-09-27 13:35:15.211 [info] > git for-each-ref --format=%(refname)%00%(upstream:short)%00%(objectname)%00%(upstream:track)%00%(upstream:remotename)%00%(upstream:remoteref) refs/heads/main refs/remotes/main [2ms]
2023-09-27 13:35:15.373 [info] > git status -z -uall [156ms]
2023-09-27 13:35:20.529 [info] > git config --get commit.template [10ms]
2023-09-27 13:35:20.531 [info] > git for-each-ref --format=%(refname)%00%(upstream:short)%00%(objectname)%00%(upstream:track)%00%(upstream:remotename)%00%(upstream:remoteref) refs/heads/main refs/remotes/main [4ms]
2023-09-27 13:35:20.695 [info] > git status -z -uall [158ms]
2023-09-27 13:35:22.282 [info] > git check-ignore -v -z --stdin [41ms]
2023-09-27 13:35:25.845 [info] > git config --get commit.template [8ms]
2023-09-27 13:35:25.847 [info] > git for-each-ref --format=%(refname)%00%(upstream:short)%00%(objectname)%00%(upstream:track)%00%(upstream:remotename)%00%(upstream:remoteref) refs/heads/main refs/remotes/main [3ms]
2023-09-27 13:35:26.029 [info] > git status -z -uall [176ms]
2023-09-27 13:35:27.706 [info] > git show --textconv :Dev/Django-k8s/web/.gitignore [29ms]
2023-09-27 13:35:27.728 [info] > git ls-files --stage -- /home/ubuntu/Dev/Django-k8s/web/.gitignore [38ms]
2023-09-27 13:35:27.752 [info] > git cat-file -s 2eedc0fc7c6b1be24bae4635948ac8dc22061580 [13ms]
2023-09-27 13:35:31.189 [info] > git config --get commit.template [9ms]
2023-09-27 13:35:31.191 [info] > git for-each-ref --format=%(refname)%00%(upstream:short)%00%(objectname)%00%(upstream:track)%00%(upstream:remotename)%00%(upstream:remoteref) refs/heads/main refs/remotes/main [3ms]
2023-09-27 13:35:31.358 [info] > git status -z -uall [160ms]
2023-09-27 13:35:36.508 [info] > git config --get commit.template [9ms]
2023-09-27 13:35:36.510 [info] > git for-each-ref --format=%(refname)%00%(upstream:short)%00%(objectname)%00%(upstream:track)%00%(upstream:remotename)%00%(upstream:remoteref) refs/heads/main refs/remotes/main [3ms]
2023-09-27 13:35:36.674 [info] > git status -z -uall [158ms]
2023-09-27 13:35:43.141 [info] > git config --get commit.template [9ms]
2023-09-27 13:35:43.143 [info] > git for-each-ref --format=%(refname)%00%(upstream:short)%00%(objectname)%00%(upstream:track)%00%(upstream:remotename)%00%(upstream:remoteref) refs/heads/main refs/remotes/main [3ms]
2023-09-27 13:35:43.310 [info] > git status -z -uall [161ms]
2023-09-27 13:35:48.483 [info] > git config --get commit.template [8ms]
2023-09-27 13:35:48.485 [info] > git for-each-ref --format=%(refname)%00%(upstream:short)%00%(objectname)%00%(upstream:track)%00%(upstream:remotename)%00%(upstream:remoteref) refs/heads/main refs/remotes/main [4ms]
2023-09-27 13:35:48.647 [info] > git status -z -uall [157ms]
2023-09-27 13:35:53.805 [info] > git config --get commit.template [8ms]
2023-09-27 13:35:53.807 [info] > git for-each-ref --format=%(refname)%00%(upstream:short)%00%(objectname)%00%(upstream:track)%00%(upstream:remotename)%00%(upstream:remoteref) refs/heads/main refs/remotes/main [3ms]
2023-09-27 13:35:53.977 [info] > git status -z -uall [164ms]
2023-09-27 13:35:59.134 [info] > git config --get commit.template [9ms]
2023-09-27 13:35:59.138 [info] > git for-each-ref --format=%(refname)%00%(upstream:short)%00%(objectname)%00%(upstream:track)%00%(upstream:remotename)%00%(upstream:remoteref) refs/heads/main refs/remotes/main [5ms]
2023-09-27 13:35:59.303 [info] > git status -z -uall [159ms]
2023-09-27 13:36:01.819 [info] > git check-ignore -v -z --stdin [7ms]
2023-09-27 13:36:03.538 [info] > git show --textconv :Dev/Django-k8s/.gitignore [14ms]
2023-09-27 13:36:03.542 [info] > git ls-files --stage -- /home/ubuntu/Dev/Django-k8s/.gitignore [10ms]
2023-09-27 13:36:04.454 [info] > git config --get commit.template [8ms]
2023-09-27 13:36:04.457 [info] > git for-each-ref --format=%(refname)%00%(upstream:short)%00%(objectname)%00%(upstream:track)%00%(upstream:remotename)%00%(upstream:remoteref) refs/heads/main refs/remotes/main [4ms]
2023-09-27 13:36:04.617 [info] > git status -z -uall [154ms]
2023-09-27 13:36:09.769 [info] > git config --get commit.template [9ms]
2023-09-27 13:36:09.771 [info] > git for-each-ref --format=%(refname)%00%(upstream:short)%00%(objectname)%00%(upstream:track)%00%(upstream:remotename)%00%(upstream:remoteref) refs/heads/main refs/remotes/main [3ms]
2023-09-27 13:36:09.933 [info] > git status -z -uall [156ms]
2023-09-27 13:36:15.080 [info] > git config --get commit.template [9ms]
2023-09-27 13:36:15.082 [info] > git for-each-ref --format=%(refname)%00%(upstream:short)%00%(objectname)%00%(upstream:track)%00%(upstream:remotename)%00%(upstream:remoteref) refs/heads/main refs/remotes/main [3ms]
2023-09-27 13:36:15.249 [info] > git status -z -uall [161ms]
2023-09-27 13:36:20.399 [info] > git config --get commit.template [9ms]
2023-09-27 13:36:20.401 [info] > git for-each-ref --format=%(refname)%00%(upstream:short)%00%(objectname)%00%(upstream:track)%00%(upstream:remotename)%00%(upstream:remoteref) refs/heads/main refs/remotes/main [3ms]
2023-09-27 13:36:20.573 [info] > git status -z -uall [165ms]
2023-09-27 13:36:24.880 [info] > git show --textconv :Dev/Django-k8s/web/django_k8s/wsgi.py [31ms]
2023-09-27 13:36:24.881 [info] > git ls-files --stage -- /home/ubuntu/Dev/Django-k8s/web/django_k8s/wsgi.py [21ms]
2023-09-27 13:36:24.895 [info] > git cat-file -s 7edb4337c8371ad99ed8805d347f0938d0c78b3c [6ms]
2023-09-27 13:36:25.945 [info] > git config --get commit.template [11ms]
2023-09-27 13:36:25.949 [info] > git for-each-ref --format=%(refname)%00%(upstream:short)%00%(objectname)%00%(upstream:track)%00%(upstream:remotename)%00%(upstream:remoteref) refs/heads/main refs/remotes/main [6ms]
2023-09-27 13:36:26.129 [info] > git status -z -uall [173ms]
2023-09-27 13:37:28.403 [info] > git config --get commit.template [66ms]
2023-09-27 13:37:28.423 [info] > git for-each-ref --format=%(refname)%00%(upstream:short)%00%(objectname)%00%(upstream:track)%00%(upstream:remotename)%00%(upstream:remoteref) refs/heads/main refs/remotes/main [79ms]
2023-09-27 13:37:29.743 [info] > git status -z -uall [1310ms]
2023-09-27 13:37:35.017 [info] > git config --get commit.template [12ms]
2023-09-27 13:37:35.020 [info] > git for-each-ref --format=%(refname)%00%(upstream:short)%00%(objectname)%00%(upstream:track)%00%(upstream:remotename)%00%(upstream:remoteref) refs/heads/main refs/remotes/main [4ms]
2023-09-27 13:37:35.405 [info] > git status -z -uall [378ms]
2023-09-27 13:37:40.580 [info] > git config --get commit.template [10ms]
2023-09-27 13:37:40.584 [info] > git for-each-ref --format=%(refname)%00%(upstream:short)%00%(objectname)%00%(upstream:track)%00%(upstream:remotename)%00%(upstream:remoteref) refs/heads/main refs/remotes/main [5ms]
2023-09-27 13:37:40.800 [info] > git status -z -uall [209ms]
2023-09-27 13:37:48.433 [info] > git config --get commit.template [8ms]
2023-09-27 13:37:48.435 [info] > git for-each-ref --format=%(refname)%00%(upstream:short)%00%(objectname)%00%(upstream:track)%00%(upstream:remotename)%00%(upstream:remoteref) refs/heads/main refs/remotes/main [3ms]
2023-09-27 13:37:48.607 [info] > git status -z -uall [162ms]
2023-09-27 13:37:53.847 [info] > git config --get commit.template [59ms]
2023-09-27 13:37:53.862 [info] > git for-each-ref --format=%(refname)%00%(upstream:short)%00%(objectname)%00%(upstream:track)%00%(upstream:remotename)%00%(upstream:remoteref) refs/heads/main refs/remotes/main [65ms]
2023-09-27 13:37:54.150 [info] > git status -z -uall [278ms]
2023-09-27 13:37:59.319 [info] > git config --get commit.template [11ms]
2023-09-27 13:37:59.323 [info] > git for-each-ref --format=%(refname)%00%(upstream:short)%00%(objectname)%00%(upstream:track)%00%(upstream:remotename)%00%(upstream:remoteref) refs/heads/main refs/remotes/main [4ms]
2023-09-27 13:38:00.077 [info] > git status -z -uall [747ms]
2023-09-27 13:38:05.255 [info] > git config --get commit.template [10ms]
2023-09-27 13:38:05.259 [info] > git for-each-ref --format=%(refname)%00%(upstream:short)%00%(objectname)%00%(upstream:track)%00%(upstream:remotename)%00%(upstream:remoteref) refs/heads/main refs/remotes/main [5ms]
2023-09-27 13:38:06.497 [info] > git status -z -uall [1231ms]
2023-09-27 13:38:12.461 [info] > git config --get commit.template [40ms]
2023-09-27 13:38:12.475 [info] > git for-each-ref --format=%(refname)%00%(upstream:short)%00%(objectname)%00%(upstream:track)%00%(upstream:remotename)%00%(upstream:remoteref) refs/heads/main refs/remotes/main [45ms]
2023-09-27 13:38:13.294 [info] > git status -z -uall [809ms]
2023-09-27 13:38:18.485 [info] > git config --get commit.template [31ms]
2023-09-27 13:38:18.499 [info] > git for-each-ref --format=%(refname)%00%(upstream:short)%00%(objectname)%00%(upstream:track)%00%(upstream:remotename)%00%(upstream:remoteref) refs/heads/main refs/remotes/main [34ms]
2023-09-27 13:38:20.804 [info] > git status -z -uall [2290ms]
2023-09-27 13:38:26.025 [info] > git config --get commit.template [21ms]
2023-09-27 13:38:26.037 [info] > git for-each-ref --format=%(refname)%00%(upstream:short)%00%(objectname)%00%(upstream:track)%00%(upstream:remotename)%00%(upstream:remoteref) refs/heads/main refs/remotes/main [21ms]
2023-09-27 13:38:27.183 [info] > git status -z -uall [1137ms]
2023-09-27 13:38:32.372 [info] > git config --get commit.template [36ms]
2023-09-27 13:38:32.384 [info] > git for-each-ref --format=%(refname)%00%(upstream:short)%00%(objectname)%00%(upstream:track)%00%(upstream:remotename)%00%(upstream:remoteref) refs/heads/main refs/remotes/main [40ms]
2023-09-27 13:38:33.719 [info] > git status -z -uall [1325ms]
2023-09-27 13:38:38.922 [info] > git config --get commit.template [33ms]
2023-09-27 13:38:38.935 [info] > git for-each-ref --format=%(refname)%00%(upstream:short)%00%(objectname)%00%(upstream:track)%00%(upstream:remotename)%00%(upstream:remoteref) refs/heads/main refs/remotes/main [39ms]
2023-09-27 13:38:40.282 [info] > git status -z -uall [1338ms]
2023-09-27 13:38:45.468 [info] > git config --get commit.template [33ms]
2023-09-27 13:38:45.478 [info] > git for-each-ref --format=%(refname)%00%(upstream:short)%00%(objectname)%00%(upstream:track)%00%(upstream:remotename)%00%(upstream:remoteref) refs/heads/main refs/remotes/main [35ms]
2023-09-27 13:38:45.788 [info] > git status -z -uall [300ms]
2023-09-27 13:38:50.975 [info] > git config --get commit.template [31ms]
2023-09-27 13:38:50.984 [info] > git for-each-ref --format=%(refname)%00%(upstream:short)%00%(objectname)%00%(upstream:track)%00%(upstream:remotename)%00%(upstream:remoteref) refs/heads/main refs/remotes/main [31ms]
2023-09-27 13:38:51.440 [info] > git status -z -uall [449ms]
2023-09-27 13:38:56.629 [info] > git config --get commit.template [31ms]
2023-09-27 13:38:56.639 [info] > git for-each-ref --format=%(refname)%00%(upstream:short)%00%(objectname)%00%(upstream:track)%00%(upstream:remotename)%00%(upstream:remoteref) refs/heads/main refs/remotes/main [32ms]
2023-09-27 13:38:57.075 [info] > git status -z -uall [429ms]
2023-09-27 13:39:02.271 [info] > git config --get commit.template [30ms]
2023-09-27 13:39:02.278 [info] > git for-each-ref --format=%(refname)%00%(upstream:short)%00%(objectname)%00%(upstream:track)%00%(upstream:remotename)%00%(upstream:remoteref) refs/heads/main refs/remotes/main [30ms]
2023-09-27 13:39:02.584 [info] > git status -z -uall [297ms]
2023-09-27 13:39:07.768 [info] > git config --get commit.template [31ms]
2023-09-27 13:39:07.778 [info] > git for-each-ref --format=%(refname)%00%(upstream:short)%00%(objectname)%00%(upstream:track)%00%(upstream:remotename)%00%(upstream:remoteref) refs/heads/main refs/remotes/main [34ms]
2023-09-27 13:39:08.711 [info] > git status -z -uall [923ms]
2023-09-27 13:39:13.892 [info] > git config --get commit.template [29ms]
2023-09-27 13:39:13.901 [info] > git for-each-ref --format=%(refname)%00%(upstream:short)%00%(objectname)%00%(upstream:track)%00%(upstream:remotename)%00%(upstream:remoteref) refs/heads/main refs/remotes/main [28ms]
2023-09-27 13:39:14.559 [info] > git status -z -uall [648ms]
2023-09-27 13:39:19.741 [info] > git config --get commit.template [30ms]
2023-09-27 13:39:19.751 [info] > git for-each-ref --format=%(refname)%00%(upstream:short)%00%(objectname)%00%(upstream:track)%00%(upstream:remotename)%00%(upstream:remoteref) refs/heads/main refs/remotes/main [31ms]
2023-09-27 13:39:20.403 [info] > git status -z -uall [643ms]
2023-09-27 13:39:25.593 [info] > git config --get commit.template [30ms]
2023-09-27 13:39:25.600 [info] > git for-each-ref --format=%(refname)%00%(upstream:short)%00%(objectname)%00%(upstream:track)%00%(upstream:remotename)%00%(upstream:remoteref) refs/heads/main refs/remotes/main [28ms]
2023-09-27 13:39:25.932 [info] > git status -z -uall [324ms]
2023-09-27 13:39:31.131 [info] > git config --get commit.template [37ms]
2023-09-27 13:39:31.142 [info] > git for-each-ref --format=%(refname)%00%(upstream:short)%00%(objectname)%00%(upstream:track)%00%(upstream:remotename)%00%(upstream:remoteref) refs/heads/main refs/remotes/main [38ms]
2023-09-27 13:39:31.688 [info] > git status -z -uall [537ms]
2023-09-27 13:39:36.881 [info] > git config --get commit.template [33ms]
2023-09-27 13:39:36.893 [info] > git for-each-ref --format=%(refname)%00%(upstream:short)%00%(objectname)%00%(upstream:track)%00%(upstream:remotename)%00%(upstream:remoteref) refs/heads/main refs/remotes/main [36ms]
2023-09-27 13:39:37.778 [info] > git status -z -uall [875ms]
2023-09-27 13:39:42.966 [info] > git config --get commit.template [33ms]
2023-09-27 13:39:42.978 [info] > git for-each-ref --format=%(refname)%00%(upstream:short)%00%(objectname)%00%(upstream:track)%00%(upstream:remotename)%00%(upstream:remoteref) refs/heads/main refs/remotes/main [36ms]
2023-09-27 13:39:43.626 [info] > git status -z -uall [639ms]
2023-09-27 13:39:48.815 [info] > git config --get commit.template [30ms]
2023-09-27 13:39:48.824 [info] > git for-each-ref --format=%(refname)%00%(upstream:short)%00%(objectname)%00%(upstream:track)%00%(upstream:remotename)%00%(upstream:remoteref) refs/heads/main refs/remotes/main [30ms]
2023-09-27 13:39:49.192 [info] > git status -z -uall [358ms]
2023-09-27 13:39:58.829 [info] > git config --get commit.template [86ms]
2023-09-27 13:39:58.842 [info] > git for-each-ref --format=%(refname)%00%(upstream:short)%00%(objectname)%00%(upstream:track)%00%(upstream:remotename)%00%(upstream:remoteref) refs/heads/main refs/remotes/main [70ms]
2023-09-27 13:39:59.780 [info] > git status -z -uall [917ms]
2023-09-27 13:40:04.971 [info] > git config --get commit.template [33ms]
2023-09-27 13:40:04.982 [info] > git for-each-ref --format=%(refname)%00%(upstream:short)%00%(objectname)%00%(upstream:track)%00%(upstream:remotename)%00%(upstream:remoteref) refs/heads/main refs/remotes/main [34ms]
2023-09-27 13:40:06.057 [info] > git status -z -uall [1064ms]
2023-09-27 13:40:27.181 [info] > git config --get commit.template [28ms]
2023-09-27 13:40:27.193 [info] > git for-each-ref --format=%(refname)%00%(upstream:short)%00%(objectname)%00%(upstream:track)%00%(upstream:remotename)%00%(upstream:remoteref) refs/heads/main refs/remotes/main [28ms]
2023-09-27 13:40:28.186 [info] > git status -z -uall [982ms]
2023-09-27 13:40:33.390 [info] > git config --get commit.template [34ms]
2023-09-27 13:40:33.402 [info] > git for-each-ref --format=%(refname)%00%(upstream:short)%00%(objectname)%00%(upstream:track)%00%(upstream:remotename)%00%(upstream:remoteref) refs/heads/main refs/remotes/main [38ms]
2023-09-27 13:40:34.251 [info] > git status -z -uall [839ms]
2023-09-27 13:40:39.563 [info] > git config --get commit.template [32ms]
2023-09-27 13:40:39.572 [info] > git for-each-ref --format=%(refname)%00%(upstream:short)%00%(objectname)%00%(upstream:track)%00%(upstream:remotename)%00%(upstream:remoteref) refs/heads/main refs/remotes/main [30ms]
2023-09-27 13:40:39.928 [info] > git status -z -uall [347ms]
2023-09-27 13:40:45.123 [info] > git config --get commit.template [31ms]
2023-09-27 13:40:45.130 [info] > git for-each-ref --format=%(refname)%00%(upstream:short)%00%(objectname)%00%(upstream:track)%00%(upstream:remotename)%00%(upstream:remoteref) refs/heads/main refs/remotes/main [28ms]
2023-09-27 13:40:45.451 [info] > git status -z -uall [310ms]
2023-09-27 13:40:50.637 [info] > git config --get commit.template [31ms]
2023-09-27 13:40:50.645 [info] > git for-each-ref --format=%(refname)%00%(upstream:short)%00%(objectname)%00%(upstream:track)%00%(upstream:remotename)%00%(upstream:remoteref) refs/heads/main refs/remotes/main [31ms]
2023-09-27 13:40:50.956 [info] > git status -z -uall [302ms]
2023-09-27 13:41:22.906 [info] > git config --get commit.template [52ms]
2023-09-27 13:41:22.924 [info] > git for-each-ref --format=%(refname)%00%(upstream:short)%00%(objectname)%00%(upstream:track)%00%(upstream:remotename)%00%(upstream:remoteref) refs/heads/main refs/remotes/main [62ms]
2023-09-27 13:41:24.524 [info] > git status -z -uall [1592ms]
2023-09-27 13:41:29.705 [info] > git config --get commit.template [22ms]
2023-09-27 13:41:29.711 [info] > git for-each-ref --format=%(refname)%00%(upstream:short)%00%(objectname)%00%(upstream:track)%00%(upstream:remotename)%00%(upstream:remoteref) refs/heads/main refs/remotes/main [20ms]
2023-09-27 13:41:30.107 [info] > git status -z -uall [388ms]
2023-09-27 13:41:35.308 [info] > git config --get commit.template [24ms]
2023-09-27 13:41:35.322 [info] > git for-each-ref --format=%(refname)%00%(upstream:short)%00%(objectname)%00%(upstream:track)%00%(upstream:remotename)%00%(upstream:remoteref) refs/heads/main refs/remotes/main [31ms]
2023-09-27 13:41:35.838 [info] > git status -z -uall [507ms]
2023-09-27 13:41:48.757 [info] > git config --get commit.template [34ms]
2023-09-27 13:41:48.770 [info] > git for-each-ref --format=%(refname)%00%(upstream:short)%00%(objectname)%00%(upstream:track)%00%(upstream:remotename)%00%(upstream:remoteref) refs/heads/main refs/remotes/main [38ms]
2023-09-27 13:41:49.683 [info] > git status -z -uall [904ms]
2023-09-27 13:41:54.876 [info] > git config --get commit.template [29ms]
2023-09-27 13:41:54.885 [info] > git for-each-ref --format=%(refname)%00%(upstream:short)%00%(objectname)%00%(upstream:track)%00%(upstream:remotename)%00%(upstream:remoteref) refs/heads/main refs/remotes/main [28ms]
2023-09-27 13:41:55.336 [info] > git status -z -uall [444ms]
2023-09-27 13:42:00.510 [info] > git config --get commit.template [24ms]
2023-09-27 13:42:00.521 [info] > git for-each-ref --format=%(refname)%00%(upstream:short)%00%(objectname)%00%(upstream:track)%00%(upstream:remotename)%00%(upstream:remoteref) refs/heads/main refs/remotes/main [24ms]
2023-09-27 13:42:01.039 [info] > git status -z -uall [509ms]
2023-09-27 13:42:06.229 [info] > git config --get commit.template [27ms]
2023-09-27 13:42:06.242 [info] > git for-each-ref --format=%(refname)%00%(upstream:short)%00%(objectname)%00%(upstream:track)%00%(upstream:remotename)%00%(upstream:remoteref) refs/heads/main refs/remotes/main [30ms]
2023-09-27 13:42:06.657 [info] > git status -z -uall [406ms]
2023-09-27 13:42:11.849 [info] > git config --get commit.template [32ms]
2023-09-27 13:42:11.860 [info] > git for-each-ref --format=%(refname)%00%(upstream:short)%00%(objectname)%00%(upstream:track)%00%(upstream:remotename)%00%(upstream:remoteref) refs/heads/main refs/remotes/main [34ms]
2023-09-27 13:42:12.238 [info] > git status -z -uall [370ms]
2023-09-27 13:42:17.422 [info] > git config --get commit.template [29ms]
2023-09-27 13:42:17.434 [info] > git for-each-ref --format=%(refname)%00%(upstream:short)%00%(objectname)%00%(upstream:track)%00%(upstream:remotename)%00%(upstream:remoteref) refs/heads/main refs/remotes/main [32ms]
2023-09-27 13:42:18.513 [info] > git status -z -uall [1070ms]
2023-09-27 13:42:23.703 [info] > git config --get commit.template [30ms]
2023-09-27 13:42:23.712 [info] > git for-each-ref --format=%(refname)%00%(upstream:short)%00%(objectname)%00%(upstream:track)%00%(upstream:remotename)%00%(upstream:remoteref) refs/heads/main refs/remotes/main [31ms]
2023-09-27 13:42:24.091 [info] > git status -z -uall [370ms]
2023-09-27 13:42:29.301 [info] > git config --get commit.template [33ms]
2023-09-27 13:42:29.313 [info] > git for-each-ref --format=%(refname)%00%(upstream:short)%00%(objectname)%00%(upstream:track)%00%(upstream:remotename)%00%(upstream:remoteref) refs/heads/main refs/remotes/main [35ms]
2023-09-27 13:42:29.735 [info] > git status -z -uall [413ms]
2023-09-27 13:42:34.945 [info] > git config --get commit.template [31ms]
2023-09-27 13:42:34.953 [info] > git for-each-ref --format=%(refname)%00%(upstream:short)%00%(objectname)%00%(upstream:track)%00%(upstream:remotename)%00%(upstream:remoteref) refs/heads/main refs/remotes/main [30ms]
2023-09-27 13:42:35.326 [info] > git status -z -uall [364ms]
2023-09-27 13:42:40.522 [info] > git config --get commit.template [39ms]
2023-09-27 13:42:40.532 [info] > git for-each-ref --format=%(refname)%00%(upstream:short)%00%(objectname)%00%(upstream:track)%00%(upstream:remotename)%00%(upstream:remoteref) refs/heads/main refs/remotes/main [38ms]
2023-09-27 13:42:41.078 [info] > git status -z -uall [536ms]
2023-09-27 13:42:46.277 [info] > git config --get commit.template [34ms]
2023-09-27 13:42:46.291 [info] > git for-each-ref --format=%(refname)%00%(upstream:short)%00%(objectname)%00%(upstream:track)%00%(upstream:remotename)%00%(upstream:remoteref) refs/heads/main refs/remotes/main [37ms]
2023-09-27 13:42:47.218 [info] > git status -z -uall [917ms]
2023-09-27 13:42:52.411 [info] > git config --get commit.template [31ms]
2023-09-27 13:42:52.423 [info] > git for-each-ref --format=%(refname)%00%(upstream:short)%00%(objectname)%00%(upstream:track)%00%(upstream:remotename)%00%(upstream:remoteref) refs/heads/main refs/remotes/main [34ms]
2023-09-27 13:42:52.779 [info] > git status -z -uall [347ms]
2023-09-27 13:42:57.703 [info] > git ls-files --stage -- /home/ubuntu/Dev/Django-k8s/web/django_k8s/wsgi.py [35ms]
2023-09-27 13:42:57.718 [info] > git cat-file -s 7edb4337c8371ad99ed8805d347f0938d0c78b3c [6ms]
2023-09-27 13:42:57.720 [info] > git show --textconv :Dev/Django-k8s/web/django_k8s/wsgi.py [60ms]
2023-09-27 13:42:57.929 [info] > git config --get commit.template [8ms]
2023-09-27 13:42:57.935 [info] > git for-each-ref --format=%(refname)%00%(upstream:short)%00%(objectname)%00%(upstream:track)%00%(upstream:remotename)%00%(upstream:remoteref) refs/heads/main refs/remotes/main [7ms]
2023-09-27 13:42:58.941 [info] > git status -z -uall [1000ms]
2023-09-27 13:43:04.172 [info] > git config --get commit.template [35ms]
2023-09-27 13:43:04.184 [info] > git for-each-ref --format=%(refname)%00%(upstream:short)%00%(objectname)%00%(upstream:track)%00%(upstream:remotename)%00%(upstream:remoteref) refs/heads/main refs/remotes/main [39ms]
2023-09-27 13:43:05.572 [info] > git status -z -uall [1379ms]
2023-09-27 13:43:10.783 [info] > git config --get commit.template [32ms]
2023-09-27 13:43:10.792 [info] > git for-each-ref --format=%(refname)%00%(upstream:short)%00%(objectname)%00%(upstream:track)%00%(upstream:remotename)%00%(upstream:remoteref) refs/heads/main refs/remotes/main [36ms]
2023-09-27 13:43:11.884 [info] > git status -z -uall [1082ms]
2023-09-27 13:43:17.068 [info] > git config --get commit.template [29ms]
2023-09-27 13:43:17.077 [info] > git for-each-ref --format=%(refname)%00%(upstream:short)%00%(objectname)%00%(upstream:track)%00%(upstream:remotename)%00%(upstream:remoteref) refs/heads/main refs/remotes/main [29ms]
2023-09-27 13:43:17.466 [info] > git status -z -uall [379ms]
2023-09-27 13:43:22.653 [info] > git config --get commit.template [31ms]
2023-09-27 13:43:22.661 [info] > git for-each-ref --format=%(refname)%00%(upstream:short)%00%(objectname)%00%(upstream:track)%00%(upstream:remotename)%00%(upstream:remoteref) refs/heads/main refs/remotes/main [31ms]
2023-09-27 13:43:22.960 [info] > git status -z -uall [290ms]
2023-09-27 13:43:28.148 [info] > git config --get commit.template [30ms]
2023-09-27 13:43:28.158 [info] > git for-each-ref --format=%(refname)%00%(upstream:short)%00%(objectname)%00%(upstream:track)%00%(upstream:remotename)%00%(upstream:remoteref) refs/heads/main refs/remotes/main [31ms]
2023-09-27 13:43:29.140 [info] > git status -z -uall [974ms]
2023-09-27 13:43:34.326 [info] > git config --get commit.template [31ms]
2023-09-27 13:43:34.337 [info] > git for-each-ref --format=%(refname)%00%(upstream:short)%00%(objectname)%00%(upstream:track)%00%(upstream:remotename)%00%(upstream:remoteref) refs/heads/main refs/remotes/main [33ms]
2023-09-27 13:43:34.781 [info] > git status -z -uall [434ms]
2023-09-27 13:43:39.976 [info] > git config --get commit.template [32ms]
2023-09-27 13:43:39.986 [info] > git for-each-ref --format=%(refname)%00%(upstream:short)%00%(objectname)%00%(upstream:track)%00%(upstream:remotename)%00%(upstream:remoteref) refs/heads/main refs/remotes/main [33ms]
2023-09-27 13:43:40.474 [info] > git status -z -uall [480ms]
2023-09-27 13:43:45.659 [info] > git config --get commit.template [30ms]
2023-09-27 13:43:45.670 [info] > git for-each-ref --format=%(refname)%00%(upstream:short)%00%(objectname)%00%(upstream:track)%00%(upstream:remotename)%00%(upstream:remoteref) refs/heads/main refs/remotes/main [33ms]
2023-09-27 13:43:46.099 [info] > git status -z -uall [420ms]
2023-09-27 13:43:51.287 [info] > git config --get commit.template [30ms]
2023-09-27 13:43:51.294 [info] > git for-each-ref --format=%(refname)%00%(upstream:short)%00%(objectname)%00%(upstream:track)%00%(upstream:remotename)%00%(upstream:remoteref) refs/heads/main refs/remotes/main [28ms]
2023-09-27 13:43:51.603 [info] > git status -z -uall [299ms]
2023-09-27 13:43:56.756 [info] > git config --get commit.template [10ms]
2023-09-27 13:43:56.759 [info] > git for-each-ref --format=%(refname)%00%(upstream:short)%00%(objectname)%00%(upstream:track)%00%(upstream:remotename)%00%(upstream:remoteref) refs/heads/main refs/remotes/main [4ms]
2023-09-27 13:43:57.519 [info] > git status -z -uall [754ms]
2023-09-27 13:44:02.705 [info] > git config --get commit.template [29ms]
2023-09-27 13:44:02.718 [info] > git for-each-ref --format=%(refname)%00%(upstream:short)%00%(objectname)%00%(upstream:track)%00%(upstream:remotename)%00%(upstream:remoteref) refs/heads/main refs/remotes/main [33ms]
2023-09-27 13:44:03.187 [info] > git status -z -uall [459ms]
2023-09-27 13:44:08.370 [info] > git config --get commit.template [28ms]
2023-09-27 13:44:08.384 [info] > git for-each-ref --format=%(refname)%00%(upstream:short)%00%(objectname)%00%(upstream:track)%00%(upstream:remotename)%00%(upstream:remoteref) refs/heads/main refs/remotes/main [29ms]
2023-09-27 13:44:08.804 [info] > git status -z -uall [410ms]
2023-09-27 13:44:14.000 [info] > git config --get commit.template [30ms]
2023-09-27 13:44:14.010 [info] > git for-each-ref --format=%(refname)%00%(upstream:short)%00%(objectname)%00%(upstream:track)%00%(upstream:remotename)%00%(upstream:remoteref) refs/heads/main refs/remotes/main [31ms]
2023-09-27 13:44:14.470 [info] > git status -z -uall [450ms]
2023-09-27 13:44:19.654 [info] > git config --get commit.template [30ms]
2023-09-27 13:44:19.663 [info] > git for-each-ref --format=%(refname)%00%(upstream:short)%00%(objectname)%00%(upstream:track)%00%(upstream:remotename)%00%(upstream:remoteref) refs/heads/main refs/remotes/main [29ms]
2023-09-27 13:44:20.067 [info] > git status -z -uall [396ms]
2023-09-27 13:44:25.258 [info] > git config --get commit.template [29ms]
2023-09-27 13:44:25.267 [info] > git for-each-ref --format=%(refname)%00%(upstream:short)%00%(objectname)%00%(upstream:track)%00%(upstream:remotename)%00%(upstream:remoteref) refs/heads/main refs/remotes/main [28ms]
2023-09-27 13:44:25.646 [info] > git status -z -uall [370ms]
2023-09-27 13:44:30.828 [info] > git config --get commit.template [33ms]
2023-09-27 13:44:30.837 [info] > git for-each-ref --format=%(refname)%00%(upstream:short)%00%(objectname)%00%(upstream:track)%00%(upstream:remotename)%00%(upstream:remoteref) refs/heads/main refs/remotes/main [33ms]
2023-09-27 13:44:31.295 [info] > git status -z -uall [449ms]
2023-09-27 13:44:36.487 [info] > git config --get commit.template [29ms]
2023-09-27 13:44:36.496 [info] > git for-each-ref --format=%(refname)%00%(upstream:short)%00%(objectname)%00%(upstream:track)%00%(upstream:remotename)%00%(upstream:remoteref) refs/heads/main refs/remotes/main [29ms]
2023-09-27 13:44:36.899 [info] > git status -z -uall [393ms]
2023-09-27 13:44:42.092 [info] > git config --get commit.template [33ms]
2023-09-27 13:44:42.099 [info] > git for-each-ref --format=%(refname)%00%(upstream:short)%00%(objectname)%00%(upstream:track)%00%(upstream:remotename)%00%(upstream:remoteref) refs/heads/main refs/remotes/main [32ms]
2023-09-27 13:44:42.434 [info] > git status -z -uall [327ms]
2023-09-27 13:44:47.616 [info] > git config --get commit.template [30ms]
2023-09-27 13:44:47.626 [info] > git for-each-ref --format=%(refname)%00%(upstream:short)%00%(objectname)%00%(upstream:track)%00%(upstream:remotename)%00%(upstream:remoteref) refs/heads/main refs/remotes/main [32ms]
2023-09-27 13:44:48.207 [info] > git status -z -uall [571ms]
2023-09-27 13:44:53.387 [info] > git config --get commit.template [29ms]
2023-09-27 13:44:53.395 [info] > git for-each-ref --format=%(refname)%00%(upstream:short)%00%(objectname)%00%(upstream:track)%00%(upstream:remotename)%00%(upstream:remoteref) refs/heads/main refs/remotes/main [28ms]
2023-09-27 13:44:54.156 [info] > git status -z -uall [752ms]
2023-09-27 13:44:59.343 [info] > git config --get commit.template [31ms]
2023-09-27 13:44:59.354 [info] > git for-each-ref --format=%(refname)%00%(upstream:short)%00%(objectname)%00%(upstream:track)%00%(upstream:remotename)%00%(upstream:remoteref) refs/heads/main refs/remotes/main [31ms]
2023-09-27 13:45:00.148 [info] > git status -z -uall [784ms]
2023-09-27 13:45:05.340 [info] > git config --get commit.template [36ms]
2023-09-27 13:45:05.356 [info] > git for-each-ref --format=%(refname)%00%(upstream:short)%00%(objectname)%00%(upstream:track)%00%(upstream:remotename)%00%(upstream:remoteref) refs/heads/main refs/remotes/main [37ms]
2023-09-27 13:45:06.146 [info] > git status -z -uall [780ms]
2023-09-27 13:45:11.334 [info] > git config --get commit.template [34ms]
2023-09-27 13:45:11.346 [info] > git for-each-ref --format=%(refname)%00%(upstream:short)%00%(objectname)%00%(upstream:track)%00%(upstream:remotename)%00%(upstream:remoteref) refs/heads/main refs/remotes/main [36ms]
2023-09-27 13:45:12.096 [info] > git status -z -uall [740ms]
2023-09-27 13:45:17.287 [info] > git config --get commit.template [30ms]
2023-09-27 13:45:17.296 [info] > git for-each-ref --format=%(refname)%00%(upstream:short)%00%(objectname)%00%(upstream:track)%00%(upstream:remotename)%00%(upstream:remoteref) refs/heads/main refs/remotes/main [31ms]
2023-09-27 13:45:17.824 [info] > git status -z -uall [519ms]
2023-09-27 13:47:41.986 [info] > git config --get commit.template [62ms]
2023-09-27 13:47:41.998 [info] > git for-each-ref --format=%(refname)%00%(upstream:short)%00%(objectname)%00%(upstream:track)%00%(upstream:remotename)%00%(upstream:remoteref) refs/heads/main refs/remotes/main [65ms]
2023-09-27 13:47:42.348 [info] > git status -z -uall [340ms]
2023-09-27 13:47:47.576 [info] > git config --get commit.template [32ms]
2023-09-27 13:47:47.591 [info] > git for-each-ref --format=%(refname)%00%(upstream:short)%00%(objectname)%00%(upstream:track)%00%(upstream:remotename)%00%(upstream:remoteref) refs/heads/main refs/remotes/main [33ms]
2023-09-27 13:47:53.203 [info] > git status -z -uall [5594ms] (cancelled)
