2023-09-27 13:34:01.909 [info] Extension host with pid 1290 started
2023-09-27 13:34:02.023 [info] Lock '/home/ubuntu/.vscode-server/data/User/workspaceStorage/1ea7f8ed4ef95f98bcd59c68771c2f0a/vscode.lock': Lock acquired.
2023-09-27 13:34:02.393 [info] ExtensionService#_doActivateExtension vscode.json-language-features, startup: false, activationEvent: 'onLanguage:jsonc'
2023-09-27 13:34:02.397 [info] ExtensionService#_doActivateExtension vscode.typescript-language-features, startup: false, activationEvent: 'onLanguage:jsonc'
2023-09-27 13:34:02.402 [info] ExtensionService#_doActivateExtension vscode.emmet, startup: false, activationEvent: 'onLanguage'
2023-09-27 13:34:03.404 [info] ExtensionService#_doActivateExtension vscode.git-base, startup: true, activationEvent: '*'
2023-09-27 13:34:04.919 [info] ExtensionService#_doActivateExtension vscode.github, startup: true, activationEvent: '*'
2023-09-27 13:34:05.858 [info] ExtensionService#_doActivateExtension vscode.git, startup: false, activationEvent: 'api', root cause: vscode.github
2023-09-27 13:34:06.071 [info] Eager extensions activated
2023-09-27 13:34:06.072 [info] ExtensionService#_doActivateExtension vscode.debug-auto-launch, startup: false, activationEvent: 'onStartupFinished'
2023-09-27 13:34:06.073 [info] ExtensionService#_doActivateExtension vscode.merge-conflict, startup: false, activationEvent: 'onStartupFinished'
2023-09-27 13:34:08.482 [warning] [Decorations] CAPPING events from decorations provider vscode.git 8953
2023-09-27 13:34:12.151 [warning] [Decorations] CAPPING events from decorations provider vscode.git 8954
2023-09-27 13:34:15.529 [warning] [Decorations] CAPPING events from decorations provider vscode.git 8954
2023-09-27 13:34:20.857 [warning] [Decorations] CAPPING events from decorations provider vscode.git 8954
2023-09-27 13:34:26.172 [warning] [Decorations] CAPPING events from decorations provider vscode.git 8954
2023-09-27 13:34:31.517 [warning] [Decorations] CAPPING events from decorations provider vscode.git 8954
2023-09-27 13:34:36.829 [warning] [Decorations] CAPPING events from decorations provider vscode.git 8954
2023-09-27 13:34:42.146 [warning] [Decorations] CAPPING events from decorations provider vscode.git 8954
2023-09-27 13:34:47.465 [warning] [Decorations] CAPPING events from decorations provider vscode.git 8954
2023-09-27 13:35:04.804 [warning] [Decorations] CAPPING events from decorations provider vscode.git 8954
2023-09-27 13:35:10.168 [warning] [Decorations] CAPPING events from decorations provider vscode.git 8954
2023-09-27 13:35:15.484 [warning] [Decorations] CAPPING events from decorations provider vscode.git 8954
2023-09-27 13:35:20.805 [warning] [Decorations] CAPPING events from decorations provider vscode.git 8954
2023-09-27 13:35:26.151 [warning] [Decorations] CAPPING events from decorations provider vscode.git 8954
2023-09-27 13:35:31.466 [warning] [Decorations] CAPPING events from decorations provider vscode.git 8954
2023-09-27 13:35:36.784 [warning] [Decorations] CAPPING events from decorations provider vscode.git 8954
2023-09-27 13:35:43.429 [warning] [Decorations] CAPPING events from decorations provider vscode.git 8954
2023-09-27 13:35:48.767 [warning] [Decorations] CAPPING events from decorations provider vscode.git 8954
2023-09-27 13:35:54.092 [warning] [Decorations] CAPPING events from decorations provider vscode.git 8954
2023-09-27 13:35:59.418 [warning] [Decorations] CAPPING events from decorations provider vscode.git 8955
2023-09-27 13:36:04.730 [warning] [Decorations] CAPPING events from decorations provider vscode.git 8955
2023-09-27 13:36:10.044 [warning] [Decorations] CAPPING events from decorations provider vscode.git 8955
2023-09-27 13:36:15.359 [warning] [Decorations] CAPPING events from decorations provider vscode.git 8955
2023-09-27 13:36:20.685 [warning] [Decorations] CAPPING events from decorations provider vscode.git 8957
2023-09-27 13:36:23.965 [info] ExtensionService#_doActivateExtension ms-python.python, startup: false, activationEvent: 'onLanguage:python'
2023-09-27 13:36:25.344 [info] ExtensionService#_doActivateExtension ms-python.vscode-pylance, startup: false, activationEvent: 'onLanguage:python'
2023-09-27 13:36:26.301 [warning] [Decorations] CAPPING events from decorations provider vscode.git 8959
2023-09-27 13:37:29.920 [warning] [Decorations] CAPPING events from decorations provider vscode.git 8960
2023-09-27 13:37:35.531 [warning] [Decorations] CAPPING events from decorations provider vscode.git 8960
2023-09-27 13:37:40.926 [warning] [Decorations] CAPPING events from decorations provider vscode.git 8960
2023-09-27 13:37:48.731 [warning] [Decorations] CAPPING events from decorations provider vscode.git 8960
2023-09-27 13:37:54.272 [warning] [Decorations] CAPPING events from decorations provider vscode.git 8960
2023-09-27 13:38:00.197 [warning] [Decorations] CAPPING events from decorations provider vscode.git 8960
2023-09-27 13:38:06.618 [warning] [Decorations] CAPPING events from decorations provider vscode.git 8960
2023-09-27 13:38:13.414 [warning] [Decorations] CAPPING events from decorations provider vscode.git 8960
2023-09-27 13:38:20.955 [warning] [Decorations] CAPPING events from decorations provider vscode.git 8960
2023-09-27 13:38:27.296 [warning] [Decorations] CAPPING events from decorations provider vscode.git 8962
2023-09-27 13:38:33.839 [warning] [Decorations] CAPPING events from decorations provider vscode.git 8963
2023-09-27 13:38:40.395 [warning] [Decorations] CAPPING events from decorations provider vscode.git 8963
2023-09-27 13:38:45.903 [warning] [Decorations] CAPPING events from decorations provider vscode.git 8963
2023-09-27 13:38:51.560 [warning] [Decorations] CAPPING events from decorations provider vscode.git 8963
2023-09-27 13:38:57.199 [warning] [Decorations] CAPPING events from decorations provider vscode.git 8963
2023-09-27 13:39:02.697 [warning] [Decorations] CAPPING events from decorations provider vscode.git 8963
2023-09-27 13:39:08.823 [warning] [Decorations] CAPPING events from decorations provider vscode.git 8963
2023-09-27 13:39:14.671 [warning] [Decorations] CAPPING events from decorations provider vscode.git 8963
2023-09-27 13:39:20.524 [warning] [Decorations] CAPPING events from decorations provider vscode.git 8963
2023-09-27 13:39:26.052 [warning] [Decorations] CAPPING events from decorations provider vscode.git 8963
2023-09-27 13:39:31.808 [warning] [Decorations] CAPPING events from decorations provider vscode.git 8963
2023-09-27 13:39:37.892 [warning] [Decorations] CAPPING events from decorations provider vscode.git 8963
2023-09-27 13:39:43.745 [warning] [Decorations] CAPPING events from decorations provider vscode.git 8963
2023-09-27 13:39:49.306 [warning] [Decorations] CAPPING events from decorations provider vscode.git 8963
2023-09-27 13:39:59.894 [warning] [Decorations] CAPPING events from decorations provider vscode.git 8963
2023-09-27 13:40:06.186 [warning] [Decorations] CAPPING events from decorations provider vscode.git 8963
2023-09-27 13:40:28.306 [warning] [Decorations] CAPPING events from decorations provider vscode.git 8963
2023-09-27 13:40:34.380 [warning] [Decorations] CAPPING events from decorations provider vscode.git 8963
2023-09-27 13:40:40.043 [warning] [Decorations] CAPPING events from decorations provider vscode.git 8963
2023-09-27 13:40:45.565 [warning] [Decorations] CAPPING events from decorations provider vscode.git 8963
2023-09-27 13:40:51.074 [warning] [Decorations] CAPPING events from decorations provider vscode.git 8963
2023-09-27 13:41:24.648 [warning] [Decorations] CAPPING events from decorations provider vscode.git 8963
2023-09-27 13:41:30.233 [warning] [Decorations] CAPPING events from decorations provider vscode.git 8963
2023-09-27 13:41:35.958 [warning] [Decorations] CAPPING events from decorations provider vscode.git 8963
2023-09-27 13:41:49.803 [warning] [Decorations] CAPPING events from decorations provider vscode.git 8963
2023-09-27 13:41:55.452 [warning] [Decorations] CAPPING events from decorations provider vscode.git 8963
2023-09-27 13:42:01.164 [warning] [Decorations] CAPPING events from decorations provider vscode.git 8963
2023-09-27 13:42:06.777 [warning] [Decorations] CAPPING events from decorations provider vscode.git 8963
2023-09-27 13:42:12.352 [warning] [Decorations] CAPPING events from decorations provider vscode.git 8963
2023-09-27 13:42:18.632 [warning] [Decorations] CAPPING events from decorations provider vscode.git 8963
2023-09-27 13:42:24.225 [warning] [Decorations] CAPPING events from decorations provider vscode.git 8963
2023-09-27 13:42:29.854 [warning] [Decorations] CAPPING events from decorations provider vscode.git 8963
2023-09-27 13:42:35.444 [warning] [Decorations] CAPPING events from decorations provider vscode.git 8963
2023-09-27 13:42:41.201 [warning] [Decorations] CAPPING events from decorations provider vscode.git 8963
2023-09-27 13:42:47.341 [warning] [Decorations] CAPPING events from decorations provider vscode.git 8963
2023-09-27 13:42:52.893 [warning] [Decorations] CAPPING events from decorations provider vscode.git 8963
2023-09-27 13:42:59.077 [warning] [Decorations] CAPPING events from decorations provider vscode.git 8963
2023-09-27 13:43:05.696 [warning] [Decorations] CAPPING events from decorations provider vscode.git 8963
2023-09-27 13:43:12.001 [warning] [Decorations] CAPPING events from decorations provider vscode.git 8963
2023-09-27 13:43:17.585 [warning] [Decorations] CAPPING events from decorations provider vscode.git 8963
2023-09-27 13:43:23.080 [warning] [Decorations] CAPPING events from decorations provider vscode.git 8963
2023-09-27 13:43:29.255 [warning] [Decorations] CAPPING events from decorations provider vscode.git 8963
2023-09-27 13:43:34.903 [warning] [Decorations] CAPPING events from decorations provider vscode.git 8963
2023-09-27 13:43:40.591 [warning] [Decorations] CAPPING events from decorations provider vscode.git 8963
2023-09-27 13:43:46.217 [warning] [Decorations] CAPPING events from decorations provider vscode.git 8963
2023-09-27 13:43:51.716 [warning] [Decorations] CAPPING events from decorations provider vscode.git 8963
2023-09-27 13:43:57.638 [warning] [Decorations] CAPPING events from decorations provider vscode.git 8963
2023-09-27 13:44:03.301 [warning] [Decorations] CAPPING events from decorations provider vscode.git 8963
2023-09-27 13:44:08.928 [warning] [Decorations] CAPPING events from decorations provider vscode.git 8963
2023-09-27 13:44:14.584 [warning] [Decorations] CAPPING events from decorations provider vscode.git 8963
2023-09-27 13:44:20.187 [warning] [Decorations] CAPPING events from decorations provider vscode.git 8963
2023-09-27 13:44:25.757 [warning] [Decorations] CAPPING events from decorations provider vscode.git 8963
2023-09-27 13:44:31.418 [warning] [Decorations] CAPPING events from decorations provider vscode.git 8963
2023-09-27 13:44:37.019 [warning] [Decorations] CAPPING events from decorations provider vscode.git 8963
2023-09-27 13:44:42.549 [warning] [Decorations] CAPPING events from decorations provider vscode.git 8963
2023-09-27 13:44:48.321 [warning] [Decorations] CAPPING events from decorations provider vscode.git 8963
2023-09-27 13:44:54.271 [warning] [Decorations] CAPPING events from decorations provider vscode.git 8963
2023-09-27 13:45:00.263 [warning] [Decorations] CAPPING events from decorations provider vscode.git 8963
2023-09-27 13:45:06.260 [warning] [Decorations] CAPPING events from decorations provider vscode.git 8963
2023-09-27 13:45:12.212 [warning] [Decorations] CAPPING events from decorations provider vscode.git 8963
2023-09-27 13:45:17.951 [warning] [Decorations] CAPPING events from decorations provider vscode.git 8963
2023-09-27 13:47:42.485 [warning] [Decorations] CAPPING events from decorations provider vscode.git 8963
2023-09-27 13:48:07.327 [info] ExtensionService#_doActivateExtension vscode.npm, startup: false, activationEvent: 'onTerminalQuickFixRequest:ms-vscode.npm-command'
2023-09-27 14:20:03.942 [error] Error: getaddrinfo EAI_AGAIN mobile.events.data.microsoft.com
	at GetAddrInfoReqWrap.onlookup [as oncomplete] (node:dns:107:26)
2023-09-27 15:21:12.839 [error] Error: getaddrinfo EAI_AGAIN mobile.events.data.microsoft.com
	at GetAddrInfoReqWrap.onlookup [as oncomplete] (node:dns:107:26)
2023-09-27 15:21:15.473 [error] Error: getaddrinfo EAI_AGAIN mobile.events.data.microsoft.com
	at GetAddrInfoReqWrap.onlookup [as oncomplete] (node:dns:107:26)
2023-09-27 15:21:38.366 [error] Error: getaddrinfo EAI_AGAIN mobile.events.data.microsoft.com
	at GetAddrInfoReqWrap.onlookup [as oncomplete] (node:dns:107:26)
2023-09-27 15:51:17.115 [error] Error: getaddrinfo EAI_AGAIN mobile.events.data.microsoft.com
	at GetAddrInfoReqWrap.onlookup [as oncomplete] (node:dns:107:26)
2023-09-27 15:51:19.767 [error] Error: getaddrinfo EAI_AGAIN mobile.events.data.microsoft.com
	at GetAddrInfoReqWrap.onlookup [as oncomplete] (node:dns:107:26)
2023-09-27 16:21:23.654 [error] Error: getaddrinfo EAI_AGAIN mobile.events.data.microsoft.com
	at GetAddrInfoReqWrap.onlookup [as oncomplete] (node:dns:107:26)
2023-09-27 16:21:26.929 [error] Error: getaddrinfo EAI_AGAIN mobile.events.data.microsoft.com
	at GetAddrInfoReqWrap.onlookup [as oncomplete] (node:dns:107:26)
