2023-09-26 19:21:38.005 [info] Log level: Info
2023-09-26 19:21:38.005 [info] Validating found git in: "git"
2023-09-26 19:21:38.005 [info] Using git "2.34.1" from "git"
2023-09-26 19:21:38.006 [info] > git rev-parse --show-toplevel [12ms]
2023-09-26 19:21:38.006 [info] fatal: not a git repository (or any of the parent directories): .git
2023-09-26 19:21:38.006 [info] > git rev-parse --show-toplevel [2ms]
2023-09-26 19:21:38.006 [info] fatal: not a git repository (or any of the parent directories): .git
2023-09-26 19:21:38.006 [info] > git rev-parse --show-toplevel [2ms]
2023-09-26 19:21:38.006 [info] fatal: not a git repository (or any of the parent directories): .git
2023-09-26 19:21:38.006 [info] > git rev-parse --show-toplevel [2ms]
2023-09-26 19:21:38.006 [info] fatal: not a git repository (or any of the parent directories): .git
2023-09-26 19:21:38.006 [info] > git rev-parse --show-toplevel [1ms]
2023-09-26 19:21:38.007 [info] fatal: not a git repository (or any of the parent directories): .git
2023-09-26 19:21:38.007 [info] > git rev-parse --show-toplevel [1ms]
2023-09-26 19:21:38.007 [info] fatal: not a git repository (or any of the parent directories): .git
2023-09-26 19:23:04.068 [info] > git init -b main [35ms]
2023-09-26 19:23:04.973 [info] > git rev-parse --show-toplevel [2ms]
2023-09-26 19:23:04.981 [info] > git rev-parse --git-dir --git-common-dir [3ms]
2023-09-26 19:23:04.997 [info] Open repository: /home/ubuntu
2023-09-26 19:23:05.010 [info] No remotes found in the git config file.
2023-09-26 19:23:05.013 [info] > git config --get commit.template [8ms]
2023-09-26 19:23:05.015 [info] > git for-each-ref --format=%(refname)%00%(upstream:short)%00%(objectname)%00%(upstream:track)%00%(upstream:remotename)%00%(upstream:remoteref) refs/heads/main refs/remotes/main [6ms]
2023-09-26 19:23:05.322 [info] > git status -z -uall [302ms]
2023-09-26 19:23:07.267 [info] > git config --get commit.template [150ms]
2023-09-26 19:23:07.279 [info] No remotes found in the git config file.
2023-09-26 19:23:07.337 [info] > git for-each-ref --format=%(refname)%00%(upstream:short)%00%(objectname)%00%(upstream:track)%00%(upstream:remotename)%00%(upstream:remoteref) refs/heads/main refs/remotes/main [59ms]
2023-09-26 19:23:07.514 [info] > git status -z -uall [167ms]
2023-09-26 19:23:10.016 [info] > git check-ignore -v -z --stdin [3ms]
2023-09-26 19:23:12.802 [info] No remotes found in the git config file.
2023-09-26 19:23:12.804 [info] > git config --get commit.template [9ms]
2023-09-26 19:23:12.806 [info] > git for-each-ref --format=%(refname)%00%(upstream:short)%00%(objectname)%00%(upstream:track)%00%(upstream:remotename)%00%(upstream:remoteref) refs/heads/main refs/remotes/main [4ms]
2023-09-26 19:23:12.903 [info] > git status -z -uall [92ms]
2023-09-26 19:23:18.972 [info] No remotes found in the git config file.
2023-09-26 19:23:18.974 [info] > git config --get commit.template [8ms]
2023-09-26 19:23:18.976 [info] > git for-each-ref --format=%(refname)%00%(upstream:short)%00%(objectname)%00%(upstream:track)%00%(upstream:remotename)%00%(upstream:remoteref) refs/heads/main refs/remotes/main [4ms]
2023-09-26 19:23:19.063 [info] > git status -z -uall [82ms]
2023-09-26 19:23:25.056 [info] No remotes found in the git config file.
2023-09-26 19:23:25.057 [info] > git config --get commit.template [9ms]
2023-09-26 19:23:25.059 [info] > git for-each-ref --format=%(refname)%00%(upstream:short)%00%(objectname)%00%(upstream:track)%00%(upstream:remotename)%00%(upstream:remoteref) refs/heads/main refs/remotes/main [4ms]
2023-09-26 19:23:25.150 [info] > git status -z -uall [86ms]
2023-09-26 19:23:31.080 [info] No remotes found in the git config file.
2023-09-26 19:23:31.082 [info] > git config --get commit.template [8ms]
2023-09-26 19:23:31.085 [info] > git for-each-ref --format=%(refname)%00%(upstream:short)%00%(objectname)%00%(upstream:track)%00%(upstream:remotename)%00%(upstream:remoteref) refs/heads/main refs/remotes/main [5ms]
2023-09-26 19:23:31.174 [info] > git status -z -uall [82ms]
2023-09-26 19:23:36.305 [info] No remotes found in the git config file.
2023-09-26 19:23:36.306 [info] > git config --get commit.template [8ms]
2023-09-26 19:23:36.309 [info] > git for-each-ref --format=%(refname)%00%(upstream:short)%00%(objectname)%00%(upstream:track)%00%(upstream:remotename)%00%(upstream:remoteref) refs/heads/main refs/remotes/main [4ms]
2023-09-26 19:23:36.392 [info] > git status -z -uall [79ms]
2023-09-26 19:23:41.534 [info] No remotes found in the git config file.
2023-09-26 19:23:41.535 [info] > git config --get commit.template [8ms]
2023-09-26 19:23:41.537 [info] > git for-each-ref --format=%(refname)%00%(upstream:short)%00%(objectname)%00%(upstream:track)%00%(upstream:remotename)%00%(upstream:remoteref) refs/heads/main refs/remotes/main [3ms]
2023-09-26 19:23:41.625 [info] > git status -z -uall [81ms]
2023-09-26 19:23:46.762 [info] No remotes found in the git config file.
2023-09-26 19:23:46.763 [info] > git config --get commit.template [8ms]
2023-09-26 19:23:46.765 [info] > git for-each-ref --format=%(refname)%00%(upstream:short)%00%(objectname)%00%(upstream:track)%00%(upstream:remotename)%00%(upstream:remoteref) refs/heads/main refs/remotes/main [3ms]
2023-09-26 19:23:46.850 [info] > git status -z -uall [80ms]
2023-09-26 19:23:52.000 [info] No remotes found in the git config file.
2023-09-26 19:23:52.001 [info] > git config --get commit.template [8ms]
2023-09-26 19:23:52.004 [info] > git for-each-ref --format=%(refname)%00%(upstream:short)%00%(objectname)%00%(upstream:track)%00%(upstream:remotename)%00%(upstream:remoteref) refs/heads/main refs/remotes/main [4ms]
2023-09-26 19:23:52.091 [info] > git status -z -uall [79ms]
2023-09-26 19:24:00.797 [info] No remotes found in the git config file.
2023-09-26 19:24:00.798 [info] > git config --get commit.template [7ms]
2023-09-26 19:24:00.799 [info] > git for-each-ref --format=%(refname)%00%(upstream:short)%00%(objectname)%00%(upstream:track)%00%(upstream:remotename)%00%(upstream:remoteref) refs/heads/main refs/remotes/main [2ms]
2023-09-26 19:24:00.959 [info] > git status -z -uall [153ms]
2023-09-26 19:24:20.275 [info] > git add -A -- . [19430ms]
2023-09-26 19:24:20.846 [info] > git -c user.useConfigOnly=true commit --quiet --allow-empty-message --file - [562ms]
2023-09-26 19:24:20.846 [info] Author identity unknown

*** Please tell me who you are.

Run

  git config --global user.email "you@example.com"
  git config --global user.name "Your Name"

to set your account's default identity.
Omit --global to set the identity only in this repository.

fatal: no email was given and auto-detection is disabled
2023-09-26 19:24:20.854 [info] > git config --get-all user.name [2ms]
2023-09-26 19:24:20.866 [info] No remotes found in the git config file.
2023-09-26 19:24:20.866 [info] > git config --get commit.template [6ms]
2023-09-26 19:24:20.868 [info] > git for-each-ref --format=%(refname)%00%(upstream:short)%00%(objectname)%00%(upstream:track)%00%(upstream:remotename)%00%(upstream:remoteref) refs/heads/main refs/remotes/main [3ms]
2023-09-26 19:24:20.987 [info] > git status -z -uall [115ms]
2023-09-26 19:24:22.638 [info] > git config --get commit.template [24ms]
2023-09-26 19:24:22.669 [info] No remotes found in the git config file.
2023-09-26 19:24:22.680 [info] > git for-each-ref --format=%(refname)%00%(upstream:short)%00%(objectname)%00%(upstream:track)%00%(upstream:remotename)%00%(upstream:remoteref) refs/heads/main refs/remotes/main [11ms]
2023-09-26 19:24:22.852 [info] > git status -z -uall [165ms]
2023-09-26 19:24:40.997 [info] No remotes found in the git config file.
2023-09-26 19:24:40.999 [info] > git config --get commit.template [7ms]
2023-09-26 19:24:41.001 [info] > git for-each-ref --format=%(refname)%00%(upstream:short)%00%(objectname)%00%(upstream:track)%00%(upstream:remotename)%00%(upstream:remoteref) refs/heads/main refs/remotes/main [4ms]
2023-09-26 19:24:41.114 [info] > git status -z -uall [108ms]
2023-09-26 19:24:46.283 [info] No remotes found in the git config file.
2023-09-26 19:24:46.285 [info] > git config --get commit.template [8ms]
2023-09-26 19:24:46.286 [info] > git for-each-ref --format=%(refname)%00%(upstream:short)%00%(objectname)%00%(upstream:track)%00%(upstream:remotename)%00%(upstream:remoteref) refs/heads/main refs/remotes/main [3ms]
2023-09-26 19:24:46.387 [info] > git status -z -uall [95ms]
2023-09-26 19:24:51.527 [info] No remotes found in the git config file.
2023-09-26 19:24:51.529 [info] > git config --get commit.template [9ms]
2023-09-26 19:24:51.531 [info] > git for-each-ref --format=%(refname)%00%(upstream:short)%00%(objectname)%00%(upstream:track)%00%(upstream:remotename)%00%(upstream:remoteref) refs/heads/main refs/remotes/main [4ms]
2023-09-26 19:24:51.633 [info] > git status -z -uall [94ms]
2023-09-26 19:24:56.777 [info] No remotes found in the git config file.
2023-09-26 19:24:56.778 [info] > git config --get commit.template [10ms]
2023-09-26 19:24:56.780 [info] > git for-each-ref --format=%(refname)%00%(upstream:short)%00%(objectname)%00%(upstream:track)%00%(upstream:remotename)%00%(upstream:remoteref) refs/heads/main refs/remotes/main [3ms]
2023-09-26 19:24:56.888 [info] > git status -z -uall [101ms]
2023-09-26 19:25:17.248 [info] No remotes found in the git config file.
2023-09-26 19:25:17.250 [info] > git config --get commit.template [8ms]
2023-09-26 19:25:17.252 [info] > git for-each-ref --format=%(refname)%00%(upstream:short)%00%(objectname)%00%(upstream:track)%00%(upstream:remotename)%00%(upstream:remoteref) refs/heads/main refs/remotes/main [5ms]
2023-09-26 19:25:17.366 [info] > git status -z -uall [109ms]
2023-09-26 19:25:22.575 [info] No remotes found in the git config file.
2023-09-26 19:25:22.576 [info] > git config --get commit.template [10ms]
2023-09-26 19:25:22.578 [info] > git for-each-ref --format=%(refname)%00%(upstream:short)%00%(objectname)%00%(upstream:track)%00%(upstream:remotename)%00%(upstream:remoteref) refs/heads/main refs/remotes/main [4ms]
2023-09-26 19:25:22.681 [info] > git status -z -uall [96ms]
2023-09-26 19:25:27.819 [info] No remotes found in the git config file.
2023-09-26 19:25:27.820 [info] > git config --get commit.template [9ms]
2023-09-26 19:25:27.822 [info] > git for-each-ref --format=%(refname)%00%(upstream:short)%00%(objectname)%00%(upstream:track)%00%(upstream:remotename)%00%(upstream:remoteref) refs/heads/main refs/remotes/main [3ms]
2023-09-26 19:25:27.924 [info] > git status -z -uall [96ms]
2023-09-26 19:25:33.066 [info] No remotes found in the git config file.
2023-09-26 19:25:33.067 [info] > git config --get commit.template [8ms]
2023-09-26 19:25:33.069 [info] > git for-each-ref --format=%(refname)%00%(upstream:short)%00%(objectname)%00%(upstream:track)%00%(upstream:remotename)%00%(upstream:remoteref) refs/heads/main refs/remotes/main [4ms]
2023-09-26 19:25:33.169 [info] > git status -z -uall [95ms]
2023-09-26 19:25:38.316 [info] No remotes found in the git config file.
2023-09-26 19:25:38.317 [info] > git config --get commit.template [9ms]
2023-09-26 19:25:38.319 [info] > git for-each-ref --format=%(refname)%00%(upstream:short)%00%(objectname)%00%(upstream:track)%00%(upstream:remotename)%00%(upstream:remoteref) refs/heads/main refs/remotes/main [3ms]
2023-09-26 19:25:38.421 [info] > git status -z -uall [96ms]
2023-09-26 19:25:43.567 [info] No remotes found in the git config file.
2023-09-26 19:25:43.568 [info] > git config --get commit.template [8ms]
2023-09-26 19:25:43.570 [info] > git for-each-ref --format=%(refname)%00%(upstream:short)%00%(objectname)%00%(upstream:track)%00%(upstream:remotename)%00%(upstream:remoteref) refs/heads/main refs/remotes/main [3ms]
2023-09-26 19:25:43.672 [info] > git status -z -uall [94ms]
2023-09-26 19:25:46.730 [info] No remotes found in the git config file.
2023-09-26 19:25:46.731 [info] > git config --get commit.template [10ms]
2023-09-26 19:25:46.733 [info] > git for-each-ref --format=%(refname)%00%(upstream:short)%00%(objectname)%00%(upstream:track)%00%(upstream:remotename)%00%(upstream:remoteref) refs/heads/main refs/remotes/main [3ms]
2023-09-26 19:25:46.835 [info] > git status -z -uall [95ms]
2023-09-26 19:25:48.814 [info] No remotes found in the git config file.
2023-09-26 19:25:48.815 [info] > git config --get commit.template [9ms]
2023-09-26 19:25:48.817 [info] > git for-each-ref --format=%(refname)%00%(upstream:short)%00%(objectname)%00%(upstream:track)%00%(upstream:remotename)%00%(upstream:remoteref) refs/heads/main refs/remotes/main [3ms]
2023-09-26 19:25:48.916 [info] > git status -z -uall [93ms]
2023-09-26 19:25:54.080 [info] No remotes found in the git config file.
2023-09-26 19:25:54.081 [info] > git config --get commit.template [9ms]
2023-09-26 19:25:54.083 [info] > git for-each-ref --format=%(refname)%00%(upstream:short)%00%(objectname)%00%(upstream:track)%00%(upstream:remotename)%00%(upstream:remoteref) refs/heads/main refs/remotes/main [4ms]
2023-09-26 19:25:54.187 [info] > git status -z -uall [96ms]
