2023-10-02 19:43:12.865 [info] Experiment 'pythonPromptNewFormatterExt' is active
2023-10-02 19:43:12.865 [info] Experiment 'pythonPromptNewToolsExt' is active
2023-10-02 19:43:12.865 [info] Experiment 'pythonSurveyNotificationcf' is active
2023-10-02 19:43:12.865 [info] Experiment 'pythonTerminalEnvVarActivationcf' is active
2023-10-02 19:43:12.865 [info] Experiment 'pythonTestAdaptercf' is active
2023-10-02 19:43:13.523 [info] Test server listening.
2023-10-02 19:43:13.657 [info] Python interpreter path: /bin/python3
2023-10-02 19:43:14.444 [warning] Retry failed, storage update failed for key PYTHON_WORKSPACE_STORAGE_KEYS
2023-10-02 19:43:14.444 [warning] Retry failed, storage update failed for key PYTHON_WORKSPACE_STORAGE_KEYS
2023-10-02 19:43:14.444 [warning] Retry failed, storage update failed for key PYTHON_WORKSPACE_STORAGE_KEYS
2023-10-02 19:43:17.215 [info] Starting Pylance language server.
2023-10-02 19:43:22.036 [info] Discover tests for workspace name: Dev - uri: /home/ubuntu/Dev/Django-k8s/web/django_k8s/settings.py
2023-10-02 19:53:45.459 [info] Discover tests for workspace name: Dev - uri: /home/ubuntu/Dev/Django-k8s/web/django_k8s/settings.py
2023-10-02 19:54:12.531 [info] Discover tests for workspace name: Dev - uri: /home/ubuntu/Dev/Django-k8s/web/django_k8s/settings.py
2023-10-02 19:57:43.069 [info] Discover tests for workspace name: Dev - uri: /home/ubuntu/Dev/Django-k8s/web/django_k8s/urls.py
2023-10-02 19:58:07.866 [info] Discover tests for workspace name: Dev - uri: /home/ubuntu/Dev/Django-k8s/web/django_k8s/urls.py
2023-10-02 19:58:26.952 [info] Discover tests for workspace name: Dev - uri: /home/ubuntu/Dev/Django-k8s/web/django_k8s/urls.py
2023-10-02 20:10:47.437 [info] Discover tests for workspace name: Dev - uri: /home/ubuntu/Dev/Django-k8s/web/django_k8s/settings.py
2023-10-02 20:13:18.730 [info] Discover tests for workspace name: Dev - uri: /home/ubuntu/Dev/Django-k8s/web/django_k8s/settings.py
2023-10-02 20:13:21.922 [info] Discover tests for workspace name: Dev - uri: /home/ubuntu/Dev/Django-k8s/web/django_k8s/settings.py
2023-10-02 20:14:40.734 [info] Discover tests for workspace name: Dev - uri: /home/ubuntu/Dev/Django-k8s/web/django_k8s/urls.py
