2023-09-29 15:38:41.775 [info] Experiment 'pythonPromptNewFormatterExt' is active
2023-09-29 15:38:41.775 [info] Experiment 'pythonPromptNewToolsExt' is active
2023-09-29 15:38:41.775 [info] Experiment 'pythonSurveyNotificationcf' is active
2023-09-29 15:38:41.775 [info] Experiment 'pythonTerminalEnvVarActivationcf' is active
2023-09-29 15:38:41.775 [info] Experiment 'pythonTestAdaptercf' is active
2023-09-29 15:38:42.463 [info] Test server listening.
2023-09-29 15:38:42.475 [info] > conda info --json
2023-09-29 15:38:42.492 [info] Found: /bin/python3 --> /bin/python3.10
2023-09-29 15:38:42.493 [info] Found: /bin/python3.10 --> /bin/python3.10
2023-09-29 15:38:42.507 [info] Found: /usr/bin/python3 --> /usr/bin/python3.10
2023-09-29 15:38:42.507 [info] Found: /usr/bin/python3.10 --> /usr/bin/python3.10
2023-09-29 15:38:42.522 [info] > ./venv/bin/python -I ./.vscode-server/extensions/ms-python.python-2023.16.0/pythonFiles/get_output_via_markers.py ./.vscode-server/extensions/ms-python.python-2023.16.0/pythonFiles/interpreterInfo.py
2023-09-29 15:38:42.540 [info] > /bin/python3 -I ./.vscode-server/extensions/ms-python.python-2023.16.0/pythonFiles/get_output_via_markers.py ./.vscode-server/extensions/ms-python.python-2023.16.0/pythonFiles/interpreterInfo.py
2023-09-29 15:38:42.647 [info] > /usr/bin/python3 -I ./.vscode-server/extensions/ms-python.python-2023.16.0/pythonFiles/get_output_via_markers.py ./.vscode-server/extensions/ms-python.python-2023.16.0/pythonFiles/interpreterInfo.py
2023-09-29 15:38:42.715 [info] Python interpreter path: ./venv/bin/python
2023-09-29 15:38:44.080 [warning] Retry failed, storage update failed for key PYTHON_GLOBAL_STORAGE_KEYS
2023-09-29 15:38:44.080 [warning] Retry failed, storage update failed for key PYTHON_GLOBAL_STORAGE_KEYS
2023-09-29 15:38:44.080 [warning] Retry failed, storage update failed for key PYTHON_GLOBAL_STORAGE_KEYS
2023-09-29 15:38:44.080 [warning] Retry failed, storage update failed for key PYTHON_GLOBAL_STORAGE_KEYS
2023-09-29 15:38:44.080 [warning] Retry failed, storage update failed for key PYTHON_WORKSPACE_STORAGE_KEYS
2023-09-29 15:38:44.080 [warning] Retry failed, storage update failed for key PYTHON_WORKSPACE_STORAGE_KEYS
2023-09-29 15:38:44.080 [warning] Retry failed, storage update failed for key PYTHON_WORKSPACE_STORAGE_KEYS
2023-09-29 15:38:44.082 [warning] Retry failed, storage update failed for key PYTHON_GLOBAL_STORAGE_KEYS
2023-09-29 15:38:44.082 [warning] Retry failed, storage update failed for key PYTHON_GLOBAL_STORAGE_KEYS
2023-09-29 15:38:45.998 [info] Starting Pylance language server.
