2023-09-27 20:15:46.053 [info] Log level: Info
2023-09-27 20:15:46.053 [info] Validating found git in: "git"
2023-09-27 20:15:46.053 [info] Using git "2.34.1" from "git"
2023-09-27 20:15:46.053 [info] > git rev-parse --show-toplevel [39ms]
2023-09-27 20:15:46.053 [info] > git rev-parse --git-dir --git-common-dir [8ms]
2023-09-27 20:15:46.053 [info] Open repository: /home/ubuntu
2023-09-27 20:15:46.053 [info] > git config --get commit.template [12ms]
2023-09-27 20:15:46.053 [info] > git rev-parse --show-toplevel [24ms]
2023-09-27 20:15:46.053 [info] > git for-each-ref --format=%(refname)%00%(upstream:short)%00%(objectname)%00%(upstream:track)%00%(upstream:remotename)%00%(upstream:remoteref) refs/heads/main refs/remotes/main [41ms]
2023-09-27 20:15:46.053 [info] > git rev-parse --show-toplevel [12ms]
2023-09-27 20:15:46.053 [info] > git rev-parse --show-toplevel [5ms]
2023-09-27 20:15:46.065 [info] > git rev-parse --show-toplevel [5ms]
2023-09-27 20:15:46.077 [info] > git rev-parse --show-toplevel [6ms]
2023-09-27 20:15:46.185 [info] > git rev-parse --git-dir --git-common-dir [27ms]
2023-09-27 20:15:46.213 [info] Open repository: /home/ubuntu/Django-k8s
2023-09-27 20:15:46.267 [info] > git config --get commit.template [13ms]
2023-09-27 20:15:46.316 [info] > git rev-parse --show-toplevel [52ms]
2023-09-27 20:15:46.349 [info] > git for-each-ref --format=%(refname)%00%(upstream:short)%00%(objectname)%00%(upstream:track)%00%(upstream:remotename)%00%(upstream:remoteref) refs/heads/master refs/remotes/master [54ms]
2023-09-27 20:15:46.379 [info] > git status -z -uall [15ms]
2023-09-27 20:15:46.431 [info] > git config --get commit.template [15ms]
2023-09-27 20:15:46.436 [info] > git for-each-ref --format=%(refname)%00%(upstream:short)%00%(objectname)%00%(upstream:track)%00%(upstream:remotename)%00%(upstream:remoteref) refs/heads/master refs/remotes/master [5ms]
2023-09-27 20:15:46.451 [info] > git status -z -uall [6ms]
2023-09-27 20:15:46.900 [info] > git check-ignore -v -z --stdin [8ms]
2023-09-27 20:15:46.913 [info] > git check-ignore -v -z --stdin [37ms]
2023-09-27 20:15:48.986 [info] > git status -z -uall [2949ms] (cancelled)
2023-09-27 20:15:50.598 [info] > git check-ignore -v -z --stdin [8ms]
2023-09-27 20:15:52.099 [info] > git check-ignore -v -z --stdin [9ms]
2023-09-27 20:15:55.926 [info] > git show --textconv :Dev/Django-k8s/web/entrypoint.sh [15ms]
2023-09-27 20:15:55.927 [info] > git ls-files --stage -- /home/ubuntu/Dev/Django-k8s/web/entrypoint.sh [11ms]
2023-09-27 20:16:09.451 [info] > git config --get commit.template [21ms]
2023-09-27 20:16:09.489 [info] > git for-each-ref --format=%(refname)%00%(upstream:short)%00%(objectname)%00%(upstream:track)%00%(upstream:remotename)%00%(upstream:remoteref) refs/heads/main refs/remotes/main [29ms]
2023-09-27 20:16:11.926 [info] > git status -z -uall [2422ms] (cancelled)
2023-09-27 20:18:11.087 [info] > git ls-files --stage -- /home/ubuntu/Dev/Django-k8s/web/Dockerfile [42ms]
2023-09-27 20:18:11.089 [info] > git show --textconv :Dev/Django-k8s/web/Dockerfile [52ms]
2023-09-27 20:18:20.387 [info] > git show --textconv :Dev/Django-k8s/web/entrypoint.sh [12ms]
2023-09-27 20:18:20.393 [info] > git ls-files --stage -- /home/ubuntu/Dev/Django-k8s/web/entrypoint.sh [9ms]
2023-09-27 20:18:23.442 [info] > git show --textconv :Dev/Django-k8s/web/Dockerfile [15ms]
2023-09-27 20:18:23.446 [info] > git ls-files --stage -- /home/ubuntu/Dev/Django-k8s/web/Dockerfile [9ms]
2023-09-27 20:27:06.687 [info] > git check-ignore -v -z --stdin [9ms]
2023-09-27 20:27:06.983 [info] > git show --textconv :Dev/Django-k8s/web/migrate.sh [13ms]
2023-09-27 20:27:06.989 [info] > git ls-files --stage -- /home/ubuntu/Dev/Django-k8s/web/migrate.sh [8ms]
