2023-10-02 19:12:19.610 [info] Extension host with pid 1452 started
2023-10-02 19:12:19.664 [info] Lock '/home/ubuntu/.vscode-server/data/User/workspaceStorage/021a5f85fab5c8d30c13218241e688da/vscode.lock': Lock acquired.
2023-10-02 19:12:21.145 [info] ExtensionService#_doActivateExtension vscode.git-base, startup: true, activationEvent: '*'
2023-10-02 19:12:22.377 [info] ExtensionService#_doActivateExtension vscode.github, startup: true, activationEvent: '*'
2023-10-02 19:12:22.744 [info] ExtensionService#_doActivateExtension vscode.git, startup: false, activationEvent: 'api', root cause: vscode.github
2023-10-02 19:12:22.930 [info] Eager extensions activated
2023-10-02 19:12:22.930 [info] ExtensionService#_doActivateExtension vscode.debug-auto-launch, startup: false, activationEvent: 'onStartupFinished'
2023-10-02 19:12:22.931 [info] ExtensionService#_doActivateExtension vscode.merge-conflict, startup: false, activationEvent: 'onStartupFinished'
2023-10-02 19:14:51.937 [info] ExtensionService#_doActivateExtension vscode.npm, startup: false, activationEvent: 'onTerminalQuickFixRequest:ms-vscode.npm-command'
2023-10-02 19:16:59.520 [info] ExtensionService#_doActivateExtension vscode.tunnel-forwarding, startup: false, activationEvent: 'onTunnel'
2023-10-02 19:18:36.965 [info] ExtensionService#_doActivateExtension ms-azuretools.vscode-docker, startup: false, activationEvent: 'onLanguage:dockercompose'
2023-10-02 19:18:36.965 [info] ExtensionService#_doActivateExtension vscode.emmet, startup: false, activationEvent: 'onLanguage'
2023-10-02 19:43:11.569 [info] ExtensionService#_doActivateExtension ms-python.python, startup: false, activationEvent: 'onLanguage:python'
2023-10-02 19:43:12.946 [info] ExtensionService#_doActivateExtension ms-python.vscode-pylance, startup: false, activationEvent: 'onLanguage:python'
2023-10-02 19:43:19.057 [error] [ms-python.python] provider FAILED
2023-10-02 19:43:19.057 [error] TypeError: Cannot read properties of undefined (reading 'data')
	at /home/ubuntu/.vscode-server/extensions/ms-python.vscode-pylance-2023.9.30/dist/extension.bundle.js:1:71903
	at _0x37c43d (/home/ubuntu/.vscode-server/extensions/ms-python.vscode-pylance-2023.9.30/dist/extension.bundle.js:1:83687)
	at async pe.provideCompletionItems (/home/ubuntu/.vscode-server/bin/abd2f3db4bdb28f9e95536dfa84d8479f1eb312d/out/vs/workbench/api/node/extensionHostProcess.js:110:51158)
2023-10-02 19:43:19.113 [error] [ms-python.python] provider FAILED
2023-10-02 19:43:19.113 [error] TypeError: Cannot read properties of undefined (reading 'data')
	at /home/ubuntu/.vscode-server/extensions/ms-python.vscode-pylance-2023.9.30/dist/extension.bundle.js:1:71903
	at _0x37c43d (/home/ubuntu/.vscode-server/extensions/ms-python.vscode-pylance-2023.9.30/dist/extension.bundle.js:1:83687)
	at async pe.provideCompletionItems (/home/ubuntu/.vscode-server/bin/abd2f3db4bdb28f9e95536dfa84d8479f1eb312d/out/vs/workbench/api/node/extensionHostProcess.js:110:51158)
2023-10-02 19:53:42.519 [error] [ms-python.python] provider FAILED
2023-10-02 19:53:42.519 [error] TypeError: Cannot read properties of undefined (reading 'data')
	at /home/ubuntu/.vscode-server/extensions/ms-python.vscode-pylance-2023.9.30/dist/extension.bundle.js:1:71903
	at _0x37c43d (/home/ubuntu/.vscode-server/extensions/ms-python.vscode-pylance-2023.9.30/dist/extension.bundle.js:1:83687)
	at async pe.provideCompletionItems (/home/ubuntu/.vscode-server/bin/abd2f3db4bdb28f9e95536dfa84d8479f1eb312d/out/vs/workbench/api/node/extensionHostProcess.js:110:51158)
