2023-09-27 13:36:34.381 [info] [Info  - 1:36:34 PM] (2050) Pylance language server 2023.9.20 (pyright 35eaeca4) starting
2023-09-27 13:36:34.382 [info] [Info  - 1:36:34 PM] (2050) Server root directory: /home/ubuntu/.vscode-server/extensions/ms-python.vscode-pylance-2023.9.20/dist
2023-09-27 13:36:34.382 [info] [Info  - 1:36:34 PM] (2050) Starting service instance "ubuntu"
2023-09-27 13:36:34.513 [info] [Info  - 1:36:34 PM] (2050) Setting pythonPath for service "ubuntu": "/home/ubuntu/venv/bin/python"
2023-09-27 13:36:34.513 [info] [Info  - 1:36:34 PM] (2050) Setting pythonPath for service "ubuntu": "/home/ubuntu/venv/bin/python"
2023-09-27 13:36:34.515 [info] [Warn  - 1:36:34 PM] (2050) stubPath /home/ubuntu/typings is not a valid directory.
2023-09-27 13:36:34.613 [info] [Info  - 1:36:34 PM] (2050) Assuming Python version 3.10
2023-09-27 13:36:34.888 [info] [Info  - 1:36:34 PM] (2050) Auto-excluding /home/ubuntu/Dev/Django-k8s/venv
2023-09-27 13:36:34.894 [info] [Info  - 1:36:34 PM] (2050) Auto-excluding /home/ubuntu/venv
2023-09-27 13:36:34.905 [info] [Info  - 1:36:34 PM] (2050) Found 6 source files
2023-09-27 13:36:39.288 [info] [Info  - 1:36:39 PM] (2050) [BG(1)] Long operation: analyzing: /home/ubuntu/Dev/Django-k8s/web/django_k8s/wsgi.py (2520ms)
2023-09-27 13:36:39.917 [info] [Info  - 1:36:39 PM] (2050) [IDX(2)] Long operation: scan packages /home/ubuntu (2502ms)
2023-09-27 14:21:45.399 [info] [Info  - 2:21:44 PM] (2050) [FG] Long operation: parsing: /home/ubuntu/.vscode-server/extensions/ms-python.vscode-pylance-2023.9.20/dist/typeshed-fallback/stdlib/builtins.pyi (1980353ms)
2023-09-27 14:21:46.923 [info] [Info  - 2:21:46 PM] (2050) [FG] Long operation: binding: /home/ubuntu/.vscode-server/extensions/ms-python.vscode-pylance-2023.9.20/dist/typeshed-fallback/stdlib/builtins.pyi (10490ms)
2023-09-27 14:22:35.493 [info] [Info  - 2:22:34 PM] (2050) [IDX(3)] Long operation: scan packages /home/ubuntu (2059233ms)
2023-09-27 14:22:50.505 [info] [Info  - 2:22:50 PM] (2050) [IDX(3)] Long operation: parsing: /home/ubuntu/.vscode-server/extensions/ms-python.vscode-pylance-2023.9.20/dist/typeshed-fallback/stubs/pytz/pytz/__init__.pyi (8267ms)
2023-09-27 14:22:57.242 [info] [Info  - 2:22:57 PM] (2050) [IDX(3)] Long operation: parsing: /home/ubuntu/.vscode-server/extensions/ms-python.vscode-pylance-2023.9.20/dist/typeshed-fallback/stdlib/builtins.pyi (6420ms)
2023-09-27 14:22:59.113 [info] [Info  - 2:22:59 PM] (2050) [IDX(3)] Long operation: indexing: /home/ubuntu/.vscode-server/extensions/ms-python.vscode-pylance-2023.9.20/dist/typeshed-fallback/stubs/pytz/pytz/__init__.pyi (17034ms)
2023-09-27 14:23:07.434 [info] [Info  - 2:23:07 PM] (2050) [IDX(3)] Long operation: indexing: /home/ubuntu/.vscode-server/extensions/ms-python.vscode-pylance-2023.9.20/dist/bundled/stubs/django-stubs/forms/__init__.pyi (4311ms)
2023-09-27 14:23:11.015 [info] [Info  - 2:23:11 PM] (2050) [IDX(3)] Long operation: indexing: /home/ubuntu/.vscode-server/extensions/ms-python.vscode-pylance-2023.9.20/dist/bundled/stubs/django-stubs/http/__init__.pyi (3583ms)
2023-09-27 14:23:16.057 [info] [Info  - 2:23:15 PM] (2050) [IDX(3)] Long operation: indexing: /home/ubuntu/.vscode-server/extensions/ms-python.vscode-pylance-2023.9.20/dist/bundled/stubs/django-stubs/template/__init__.pyi (4516ms)
2023-09-27 14:23:18.109 [info] [Info  - 2:23:18 PM] (2050) [IDX(3)] Long operation: indexing: /home/ubuntu/.vscode-server/extensions/ms-python.vscode-pylance-2023.9.20/dist/bundled/stubs/django-stubs/test/__init__.pyi (2014ms)
2023-09-27 14:23:24.740 [info] [Info  - 2:23:23 PM] (2050) [IDX(3)] Long operation: index execution environment /home/ubuntu (41581ms)
2023-09-27 14:23:25.181 [info] [Info  - 2:23:25 PM] (2050) [IDX(3)] Long operation: index packages /home/ubuntu (44380ms)
