2023-09-27 18:26:04.902 [info] Log level: Info
2023-09-27 18:26:04.902 [info] Validating found git in: "git"
2023-09-27 18:26:04.902 [info] Using git "2.34.1" from "git"
2023-09-27 18:26:04.902 [info] > git rev-parse --show-toplevel [31ms]
2023-09-27 18:26:04.902 [info] > git rev-parse --git-dir --git-common-dir [2ms]
2023-09-27 18:26:04.902 [info] Open repository: /home/ubuntu
2023-09-27 18:26:04.902 [info] > git config --get commit.template [12ms]
2023-09-27 18:26:04.902 [info] > git rev-parse --show-toplevel [10ms]
2023-09-27 18:26:04.902 [info] > git rev-parse --show-toplevel [2ms]
2023-09-27 18:26:04.902 [info] > git rev-parse --show-toplevel [2ms]
2023-09-27 18:26:04.902 [info] > git rev-parse --show-toplevel [2ms]
2023-09-27 18:26:04.902 [info] > git for-each-ref --format=%(refname)%00%(upstream:short)%00%(objectname)%00%(upstream:track)%00%(upstream:remotename)%00%(upstream:remoteref) refs/heads/main refs/remotes/main [26ms]
2023-09-27 18:26:04.902 [info] > git rev-parse --show-toplevel [10ms]
2023-09-27 18:26:04.902 [info] > git rev-parse --git-dir --git-common-dir [2ms]
2023-09-27 18:26:04.902 [info] Open repository: /home/ubuntu/Django-k8s
2023-09-27 18:26:04.902 [info] > git config --get commit.template [42ms]
2023-09-27 18:26:04.902 [info] > git rev-parse --show-toplevel [13ms]
2023-09-27 18:26:04.903 [info] > git for-each-ref --format=%(refname)%00%(upstream:short)%00%(objectname)%00%(upstream:track)%00%(upstream:remotename)%00%(upstream:remoteref) refs/heads/master refs/remotes/master [19ms]
2023-09-27 18:26:04.913 [info] > git status -z -uall [6ms]
2023-09-27 18:26:04.934 [info] > git config --get commit.template [6ms]
2023-09-27 18:26:04.937 [info] > git for-each-ref --format=%(refname)%00%(upstream:short)%00%(objectname)%00%(upstream:track)%00%(upstream:remotename)%00%(upstream:remoteref) refs/heads/master refs/remotes/master [4ms]
2023-09-27 18:26:04.945 [info] > git status -z -uall [4ms]
2023-09-27 18:26:05.221 [info] > git status -z -uall [409ms] (cancelled)
2023-09-27 18:26:05.660 [info] > git check-ignore -v -z --stdin [157ms]
2023-09-27 18:26:05.661 [info] > git check-ignore -v -z --stdin [154ms]
2023-09-27 18:26:07.849 [info] > git check-ignore -v -z --stdin [8ms]
2023-09-27 18:26:09.520 [info] > git check-ignore -v -z --stdin [8ms]
2023-09-27 18:26:12.181 [info] > git check-ignore -v -z --stdin [8ms]
2023-09-27 18:26:15.106 [info] > git ls-files --stage -- /home/ubuntu/Dev/Django-k8s/web/django_k8s/wsgi.py [17ms]
2023-09-27 18:26:15.115 [info] > git show --textconv :Dev/Django-k8s/web/django_k8s/wsgi.py [32ms]
2023-09-27 18:26:15.118 [info] > git cat-file -s 7edb4337c8371ad99ed8805d347f0938d0c78b3c [6ms]
2023-09-27 18:29:50.912 [info] > git ls-files --stage -- /home/ubuntu/Dev/Django-k8s/web/manage.py [71ms]
2023-09-27 18:29:50.926 [info] > git cat-file -s 789981241bc72d09ba5cfdaa334289c341a77aa6 [6ms]
2023-09-27 18:29:50.929 [info] > git show --textconv :Dev/Django-k8s/web/manage.py [94ms]
2023-09-27 18:31:04.626 [info] > git show --textconv :Dev/Django-k8s/web/django_k8s/settings.py [15ms]
2023-09-27 18:31:04.629 [info] > git ls-files --stage -- /home/ubuntu/Dev/Django-k8s/web/django_k8s/settings.py [9ms]
2023-09-27 18:31:04.637 [info] > git cat-file -s 704b1d6fe394e47d4d20917064afbfd2f185027b [2ms]
2023-09-27 18:31:11.950 [info] > git show --textconv :Dev/Django-k8s/web/.env [14ms]
2023-09-27 18:31:11.954 [info] > git ls-files --stage -- /home/ubuntu/Dev/Django-k8s/web/.env [8ms]
2023-09-27 18:31:11.961 [info] > git cat-file -s 12b05752bfe1b9f58810c7df2db8c8b36d057417 [2ms]
2023-09-27 18:34:34.405 [info] > git check-ignore -v -z --stdin [9ms]
2023-09-27 18:48:07.300 [info] > git show --textconv :Dev/Django-k8s/web/django_k8s/settings.py [16ms]
2023-09-27 18:48:07.303 [info] > git ls-files --stage -- /home/ubuntu/Dev/Django-k8s/web/django_k8s/settings.py [9ms]
2023-09-27 18:48:07.312 [info] > git cat-file -s 704b1d6fe394e47d4d20917064afbfd2f185027b [3ms]
2023-09-27 19:02:22.226 [info] > git check-ignore -v -z --stdin [68ms]
2023-09-27 19:06:58.612 [info] > git check-ignore -v -z --stdin [10ms]
2023-09-27 19:07:01.300 [info] > git check-ignore -v -z --stdin [7ms]
2023-09-27 19:07:22.872 [info] > git check-ignore -v -z --stdin [7ms]
2023-09-27 19:08:27.597 [info] > git check-ignore -v -z --stdin [7ms]
2023-09-27 19:08:27.893 [info] > git show --textconv :Dev/Django-k8s/web/dockerignore [24ms]
2023-09-27 19:08:27.894 [info] > git ls-files --stage -- /home/ubuntu/Dev/Django-k8s/web/dockerignore [18ms]
2023-09-27 19:08:38.388 [info] > git check-ignore -v -z --stdin [8ms]
2023-09-27 19:08:38.652 [info] > git show --textconv :Dev/Django-k8s/web/.dockerignore [16ms]
2023-09-27 19:08:38.653 [info] > git ls-files --stage -- /home/ubuntu/Dev/Django-k8s/web/.dockerignore [7ms]
2023-09-27 19:09:15.264 [info] > git show --textconv :Dev/Django-k8s/.gitignore [15ms]
2023-09-27 19:09:15.267 [info] > git ls-files --stage -- /home/ubuntu/Dev/Django-k8s/.gitignore [8ms]
2023-09-27 19:11:01.602 [info] > git check-ignore -v -z --stdin [6ms]
2023-09-27 19:11:01.867 [info] > git show --textconv :Dev/Django-k8s/web/Dockerfile [11ms]
2023-09-27 19:11:01.874 [info] > git ls-files --stage -- /home/ubuntu/Dev/Django-k8s/web/Dockerfile [7ms]
2023-09-27 19:19:41.161 [info] > git check-ignore -v -z --stdin [10ms]
2023-09-27 19:23:24.703 [info] > git check-ignore -v -z --stdin [7ms]
2023-09-27 19:23:24.987 [info] > git show --textconv :Dev/Django-k8s/web/entrypoint.sh [11ms]
2023-09-27 19:23:24.992 [info] > git ls-files --stage -- /home/ubuntu/Dev/Django-k8s/web/entrypoint.sh [6ms]
