2023-10-01 12:27:04.852 [info] Experiment 'pythonPromptNewFormatterExt' is active
2023-10-01 12:27:04.852 [info] Experiment 'pythonPromptNewToolsExt' is active
2023-10-01 12:27:04.852 [info] Experiment 'pythonSurveyNotificationcf' is active
2023-10-01 12:27:04.852 [info] Experiment 'pythonTerminalEnvVarActivationcf' is active
2023-10-01 12:27:04.852 [info] Experiment 'pythonTestAdaptercf' is active
2023-10-01 12:27:04.853 [info] Test server listening.
2023-10-01 12:27:04.887 [info] Python interpreter path: /bin/python3
2023-10-01 12:27:06.379 [warning] Retry failed, storage update failed for key PYTHON_WORKSPACE_STORAGE_KEYS
2023-10-01 12:27:06.379 [warning] Retry failed, storage update failed for key PYTHON_WORKSPACE_STORAGE_KEYS
2023-10-01 12:27:06.379 [warning] Retry failed, storage update failed for key PYTHON_WORKSPACE_STORAGE_KEYS
2023-10-01 12:27:08.307 [info] Starting Pylance language server.
2023-10-01 12:27:22.386 [info] Discover tests for workspace name: Dev - uri: /home/ubuntu/Dev/Django-k8s/web/django_k8s/settings.py
2023-10-01 12:30:47.026 [info] Discover tests for workspace name: Dev - uri: /home/ubuntu/Dev/Django-k8s/web/django_k8s/settings.py
2023-10-01 12:30:48.419 [info] Discover tests for workspace name: Dev - uri: /home/ubuntu/Dev/Django-k8s/web/django_k8s/settings.py
2023-10-01 12:30:49.654 [info] Discover tests for workspace name: Dev - uri: /home/ubuntu/Dev/Django-k8s/web/django_k8s/settings.py
2023-10-01 12:30:50.743 [info] Discover tests for workspace name: Dev - uri: /home/ubuntu/Dev/Django-k8s/web/django_k8s/settings.py
2023-10-01 12:30:59.316 [info] Discover tests for workspace name: Dev - uri: /home/ubuntu/Dev/Django-k8s/web/django_k8s/settings.py
2023-10-01 12:31:37.361 [info] Discover tests for workspace name: Dev - uri: /home/ubuntu/Dev/Django-k8s/web/django_k8s/settings.py
2023-10-01 12:33:00.130 [info] Discover tests for workspace name: Dev - uri: /home/ubuntu/Dev/Django-k8s/web/django_k8s/settings.py
2023-10-01 13:40:28.571 [info] Running installed packages checker:  python /home/ubuntu/.vscode-server/extensions/ms-python.python-2023.16.0/pythonFiles/installed_check.py /home/ubuntu/Dev/Django-k8s/web/requirements.txt
2023-10-01 13:40:28.575 [error] Error while getting installed packages check result:
 [Error: spawn python ENOENT
	at ChildProcess._handle.onexit (node:internal/child_process:283:19)
	at onErrorNT (node:internal/child_process:476:16)
	at process.processTicksAndRejections (node:internal/process/task_queues:82:21)] {
  errno: -2,
  code: 'ENOENT',
  syscall: 'spawn python',
  path: 'python',
  spawnargs: [
    '/home/ubuntu/.vscode-server/extensions/ms-python.python-2023.16.0/pythonFiles/installed_check.py',
    '/home/ubuntu/Dev/Django-k8s/web/requirements.txt'
  ]
}
