*
* Visual Studio Code Server
*
* By using the software, you agree to
* the Visual Studio Code Server License Terms (https://aka.ms/vscode-server-license) and
* the Microsoft Privacy Statement (https://privacy.microsoft.com/en-US/privacystatement).
*
Server bound to 127.0.0.1:35181 (IPv4)
Extension host agent listening on 35181

[19:11:40] 




[19:11:40] Extension host agent started.
[19:11:41] [127.0.0.1][98cfe455][ManagementConnection] New connection established.
[19:11:42] [127.0.0.1][3f8a09a2][ExtensionHostConnection] New connection established.
[19:11:42] [127.0.0.1][3f8a09a2][ExtensionHostConnection] <1300> Launched Extension Host Process.
rejected promise not handled within 1 second: CodeExpectedError: Could not find pty on pty host
stack trace: CodeExpectedError: Could not find pty on pty host
    at $.P (/home/ubuntu/.vscode-server/bin/abd2f3db4bdb28f9e95536dfa84d8479f1eb312d/out/vs/platform/terminal/node/ptyHostMain.js:27:32310)
    at $.updateTitle (/home/ubuntu/.vscode-server/bin/abd2f3db4bdb28f9e95536dfa84d8479f1eb312d/out/vs/platform/terminal/node/ptyHostMain.js:27:27490)
    at T.<computed> (/home/ubuntu/.vscode-server/bin/abd2f3db4bdb28f9e95536dfa84d8479f1eb312d/out/vs/platform/terminal/node/ptyHostMain.js:27:22750)
    at Object.call (/home/ubuntu/.vscode-server/bin/abd2f3db4bdb28f9e95536dfa84d8479f1eb312d/out/vs/platform/terminal/node/ptyHostMain.js:17:4907)
    at u.s (/home/ubuntu/.vscode-server/bin/abd2f3db4bdb28f9e95536dfa84d8479f1eb312d/out/vs/platform/terminal/node/ptyHostMain.js:15:5150)
    at u.q (/home/ubuntu/.vscode-server/bin/abd2f3db4bdb28f9e95536dfa84d8479f1eb312d/out/vs/platform/terminal/node/ptyHostMain.js:15:4661)
    at i.value (/home/ubuntu/.vscode-server/bin/abd2f3db4bdb28f9e95536dfa84d8479f1eb312d/out/vs/platform/terminal/node/ptyHostMain.js:15:4066)
    at C.w (/home/ubuntu/.vscode-server/bin/abd2f3db4bdb28f9e95536dfa84d8479f1eb312d/out/vs/platform/terminal/node/ptyHostMain.js:10:1902)
    at C.fire (/home/ubuntu/.vscode-server/bin/abd2f3db4bdb28f9e95536dfa84d8479f1eb312d/out/vs/platform/terminal/node/ptyHostMain.js:10:2119)
    at process.G (/home/ubuntu/.vscode-server/bin/abd2f3db4bdb28f9e95536dfa84d8479f1eb312d/out/vs/platform/terminal/node/ptyHostMain.js:8:27561)
    at process.emit (node:events:513:28)
    at emit (node:internal/child_process:937:14)
    at process.processTicksAndRejections (node:internal/process/task_queues:83:21)
[19:11:51] Error [CodeExpectedError]: Could not find pty on pty host
    at $.P (/home/ubuntu/.vscode-server/bin/abd2f3db4bdb28f9e95536dfa84d8479f1eb312d/out/vs/platform/terminal/node/ptyHostMain.js:27:32310)
    at $.updateTitle (/home/ubuntu/.vscode-server/bin/abd2f3db4bdb28f9e95536dfa84d8479f1eb312d/out/vs/platform/terminal/node/ptyHostMain.js:27:27490)
    at T.<computed> (/home/ubuntu/.vscode-server/bin/abd2f3db4bdb28f9e95536dfa84d8479f1eb312d/out/vs/platform/terminal/node/ptyHostMain.js:27:22750)
    at Object.call (/home/ubuntu/.vscode-server/bin/abd2f3db4bdb28f9e95536dfa84d8479f1eb312d/out/vs/platform/terminal/node/ptyHostMain.js:17:4907)
    at u.s (/home/ubuntu/.vscode-server/bin/abd2f3db4bdb28f9e95536dfa84d8479f1eb312d/out/vs/platform/terminal/node/ptyHostMain.js:15:5150)
    at u.q (/home/ubuntu/.vscode-server/bin/abd2f3db4bdb28f9e95536dfa84d8479f1eb312d/out/vs/platform/terminal/node/ptyHostMain.js:15:4661)
    at i.value (/home/ubuntu/.vscode-server/bin/abd2f3db4bdb28f9e95536dfa84d8479f1eb312d/out/vs/platform/terminal/node/ptyHostMain.js:15:4066)
    at C.w (/home/ubuntu/.vscode-server/bin/abd2f3db4bdb28f9e95536dfa84d8479f1eb312d/out/vs/platform/terminal/node/ptyHostMain.js:10:1902)
    at C.fire (/home/ubuntu/.vscode-server/bin/abd2f3db4bdb28f9e95536dfa84d8479f1eb312d/out/vs/platform/terminal/node/ptyHostMain.js:10:2119)
    at process.G (/home/ubuntu/.vscode-server/bin/abd2f3db4bdb28f9e95536dfa84d8479f1eb312d/out/vs/platform/terminal/node/ptyHostMain.js:8:27561)
    at process.emit (node:events:513:28)
    at emit (node:internal/child_process:937:14)
    at process.processTicksAndRejections (node:internal/process/task_queues:83:21)
rejected promise not handled within 1 second: CodeExpectedError: Could not find pty on pty host
stack trace: CodeExpectedError: Could not find pty on pty host
    at $.P (/home/ubuntu/.vscode-server/bin/abd2f3db4bdb28f9e95536dfa84d8479f1eb312d/out/vs/platform/terminal/node/ptyHostMain.js:27:32310)
    at $.updateIcon (/home/ubuntu/.vscode-server/bin/abd2f3db4bdb28f9e95536dfa84d8479f1eb312d/out/vs/platform/terminal/node/ptyHostMain.js:27:27540)
    at T.<computed> (/home/ubuntu/.vscode-server/bin/abd2f3db4bdb28f9e95536dfa84d8479f1eb312d/out/vs/platform/terminal/node/ptyHostMain.js:27:22750)
    at Object.call (/home/ubuntu/.vscode-server/bin/abd2f3db4bdb28f9e95536dfa84d8479f1eb312d/out/vs/platform/terminal/node/ptyHostMain.js:17:4907)
    at u.s (/home/ubuntu/.vscode-server/bin/abd2f3db4bdb28f9e95536dfa84d8479f1eb312d/out/vs/platform/terminal/node/ptyHostMain.js:15:5150)
    at u.q (/home/ubuntu/.vscode-server/bin/abd2f3db4bdb28f9e95536dfa84d8479f1eb312d/out/vs/platform/terminal/node/ptyHostMain.js:15:4661)
    at i.value (/home/ubuntu/.vscode-server/bin/abd2f3db4bdb28f9e95536dfa84d8479f1eb312d/out/vs/platform/terminal/node/ptyHostMain.js:15:4066)
    at C.w (/home/ubuntu/.vscode-server/bin/abd2f3db4bdb28f9e95536dfa84d8479f1eb312d/out/vs/platform/terminal/node/ptyHostMain.js:10:1902)
    at C.fire (/home/ubuntu/.vscode-server/bin/abd2f3db4bdb28f9e95536dfa84d8479f1eb312d/out/vs/platform/terminal/node/ptyHostMain.js:10:2119)
    at process.G (/home/ubuntu/.vscode-server/bin/abd2f3db4bdb28f9e95536dfa84d8479f1eb312d/out/vs/platform/terminal/node/ptyHostMain.js:8:27561)
    at process.emit (node:events:513:28)
    at emit (node:internal/child_process:937:14)
    at process.processTicksAndRejections (node:internal/process/task_queues:83:21)
[19:11:51] Error [CodeExpectedError]: Could not find pty on pty host
    at $.P (/home/ubuntu/.vscode-server/bin/abd2f3db4bdb28f9e95536dfa84d8479f1eb312d/out/vs/platform/terminal/node/ptyHostMain.js:27:32310)
    at $.updateIcon (/home/ubuntu/.vscode-server/bin/abd2f3db4bdb28f9e95536dfa84d8479f1eb312d/out/vs/platform/terminal/node/ptyHostMain.js:27:27540)
    at T.<computed> (/home/ubuntu/.vscode-server/bin/abd2f3db4bdb28f9e95536dfa84d8479f1eb312d/out/vs/platform/terminal/node/ptyHostMain.js:27:22750)
    at Object.call (/home/ubuntu/.vscode-server/bin/abd2f3db4bdb28f9e95536dfa84d8479f1eb312d/out/vs/platform/terminal/node/ptyHostMain.js:17:4907)
    at u.s (/home/ubuntu/.vscode-server/bin/abd2f3db4bdb28f9e95536dfa84d8479f1eb312d/out/vs/platform/terminal/node/ptyHostMain.js:15:5150)
    at u.q (/home/ubuntu/.vscode-server/bin/abd2f3db4bdb28f9e95536dfa84d8479f1eb312d/out/vs/platform/terminal/node/ptyHostMain.js:15:4661)
    at i.value (/home/ubuntu/.vscode-server/bin/abd2f3db4bdb28f9e95536dfa84d8479f1eb312d/out/vs/platform/terminal/node/ptyHostMain.js:15:4066)
    at C.w (/home/ubuntu/.vscode-server/bin/abd2f3db4bdb28f9e95536dfa84d8479f1eb312d/out/vs/platform/terminal/node/ptyHostMain.js:10:1902)
    at C.fire (/home/ubuntu/.vscode-server/bin/abd2f3db4bdb28f9e95536dfa84d8479f1eb312d/out/vs/platform/terminal/node/ptyHostMain.js:10:2119)
    at process.G (/home/ubuntu/.vscode-server/bin/abd2f3db4bdb28f9e95536dfa84d8479f1eb312d/out/vs/platform/terminal/node/ptyHostMain.js:8:27561)
    at process.emit (node:events:513:28)
    at emit (node:internal/child_process:937:14)
    at process.processTicksAndRejections (node:internal/process/task_queues:83:21)
[19:11:59] [127.0.0.1][98cfe455][ManagementConnection] The client has disconnected gracefully, so the connection will be disposed.
[19:11:59] Error: Throttler is disposed
    at c.queue (/home/ubuntu/.vscode-server/bin/abd2f3db4bdb28f9e95536dfa84d8479f1eb312d/out/vs/server/node/server.main.js:70:13632)
    at /home/ubuntu/.vscode-server/bin/abd2f3db4bdb28f9e95536dfa84d8479f1eb312d/out/vs/server/node/server.main.js:70:15216
    at /home/ubuntu/.vscode-server/bin/abd2f3db4bdb28f9e95536dfa84d8479f1eb312d/out/vs/server/node/server.main.js:70:14852
    at runNextTicks (node:internal/process/task_queues:60:5)
    at listOnTimeout (node:internal/timers:538:9)
    at process.processTimers (node:internal/timers:512:7)
[19:12:04] [127.0.0.1][3f8a09a2][ExtensionHostConnection] <1300> Extension Host Process exited with code: 0, signal: null.
Cancelling previous shutdown timeout
[19:12:04] Cancelling previous shutdown timeout
Last EH closed, waiting before shutting down
[19:12:04] Last EH closed, waiting before shutting down
Got delay-shutdown request while in shutdown timeout, delaying
[19:12:14] Got delay-shutdown request while in shutdown timeout, delaying
Cancelling previous shutdown timeout
[19:12:14] Cancelling previous shutdown timeout
[19:12:16] [127.0.0.1][17c1a1fc][ManagementConnection] New connection established.
[19:12:17] [127.0.0.1][7b342e3c][ExtensionHostConnection] New connection established.
[19:12:17] [127.0.0.1][7b342e3c][ExtensionHostConnection] <1452> Launched Extension Host Process.
New EH opened, aborting shutdown
[19:17:14] New EH opened, aborting shutdown
