*
* Visual Studio Code Server
*
* By using the software, you agree to
* the Visual Studio Code Server License Terms (https://aka.ms/vscode-server-license) and
* the Microsoft Privacy Statement (https://privacy.microsoft.com/en-US/privacystatement).
*
Server bound to 127.0.0.1:37163 (IPv4)
Extension host agent listening on 37163

[11:14:32] 




[11:14:32] Extension host agent started.
[11:14:33] [127.0.0.1][113fa1aa][ManagementConnection] New connection established.
[11:14:33] [127.0.0.1][79253579][ExtensionHostConnection] New connection established.
[11:14:34] [127.0.0.1][79253579][ExtensionHostConnection] <1411> Launched Extension Host Process.
[11:14:43] Getting Manifest... ms-python.vscode-pylance
[11:14:43] Installing extension: ms-python.vscode-pylance
[11:14:43] Getting Manifest... ms-python.python
[11:14:44] Extension signature verification failed with error 'ENOENT': ms-python.vscode-pylance
[11:14:49] [127.0.0.1][113fa1aa][ManagementConnection] The client has disconnected gracefully, so the connection will be disposed.
[11:14:49] Error: Throttler is disposed
    at c.queue (/home/ubuntu/.vscode-server/bin/fdb98833154679dbaa7af67a5a29fe19e55c2b73/out/vs/server/node/server.main.js:70:13632)
    at /home/ubuntu/.vscode-server/bin/fdb98833154679dbaa7af67a5a29fe19e55c2b73/out/vs/server/node/server.main.js:70:15216
    at /home/ubuntu/.vscode-server/bin/fdb98833154679dbaa7af67a5a29fe19e55c2b73/out/vs/server/node/server.main.js:70:14852
    at runNextTicks (node:internal/process/task_queues:60:5)
    at listOnTimeout (node:internal/timers:538:9)
    at process.processTimers (node:internal/timers:512:7)
[11:14:51] Extracted extension to file:///home/ubuntu/.vscode-server/extensions/ms-python.vscode-pylance-2023.10.10: ms-python.vscode-pylance
[11:14:51] Renamed to /home/ubuntu/.vscode-server/extensions/ms-python.vscode-pylance-2023.10.10
[11:14:51] Extracting extension completed. ms-python.vscode-pylance
[11:14:51] Extension installed successfully: ms-python.vscode-pylance
[11:14:51] Marked extension as uninstalled ms-python.vscode-pylance-2023.9.30
[11:14:54] [127.0.0.1][79253579][ExtensionHostConnection] <1411> Extension Host Process exited with code: 0, signal: null.
Cancelling previous shutdown timeout
[11:14:54] Cancelling previous shutdown timeout
Last EH closed, waiting before shutting down
[11:14:54] Last EH closed, waiting before shutting down
Got delay-shutdown request while in shutdown timeout, delaying
[11:15:04] Got delay-shutdown request while in shutdown timeout, delaying
Cancelling previous shutdown timeout
[11:15:04] Cancelling previous shutdown timeout
[11:15:06] [127.0.0.1][17d8bb56][ManagementConnection] New connection established.
[11:15:06] [127.0.0.1][83dfab47][ExtensionHostConnection] New connection established.
[11:15:06] [127.0.0.1][83dfab47][ExtensionHostConnection] <1564> Launched Extension Host Process.
New EH opened, aborting shutdown
[11:20:04] New EH opened, aborting shutdown
